/tools/Synopsys/dc/V-2023.12-SP5-1/auxx/gui/dv/dv_setup.tcl
/tools/Synopsys/dc/V-2023.12-SP5-1/auxx/gui/syn/snpsSynProcs.tcl
/tools/Synopsys/dc/V-2023.12-SP5-1/auxx/gui/syn/layout/pkgIndex.tcl
/tools/Synopsys/dc/V-2023.12-SP5-1/auxx/gui/common/timing/pkgIndex.tcl
/tools/Synopsys/dc/V-2023.12-SP5-1/auxx/gui/common/histogram/pkgIndex.tcl
/tools/Synopsys/dc/V-2023.12-SP5-1/auxx/gui/common/hierarchy/pkgIndex.tcl
/tools/Synopsys/dc/V-2023.12-SP5-1/auxx/gui/common/propertyEditor/pkgIndex.tcl
/tools/Synopsys/dc/V-2023.12-SP5-1/auxx/gui/common/docBrowser/pkgIndex.tcl
/tools/Synopsys/dc/V-2023.12-SP5-1/auxx/gui/common/acg/pkgIndex.tcl
/tools/Synopsys/dc/V-2023.12-SP5-1/auxx/gui/common/select/pkgIndex.tcl
/tools/Synopsys/dc/V-2023.12-SP5-1/auxx/gui/common/palettegroup/pkgIndex.tcl
/tools/Synopsys/dc/V-2023.12-SP5-1/auxx/gui/common/highlight/pkgIndex.tcl
/tools/Synopsys/dc/V-2023.12-SP5-1/auxx/gui/common/3dic/pkgIndex.tcl
/tools/Synopsys/dc/V-2023.12-SP5-1/auxx/gui/common/tq/pkgIndex.tcl
/tools/Synopsys/dc/V-2023.12-SP5-1/auxx/gui/common/taskassistant/pkgIndex.tcl
/tools/Synopsys/dc/V-2023.12-SP5-1/auxx/gui/common/regressionToolkit/pkgIndex.tcl
/tools/Synopsys/dc/V-2023.12-SP5-1/auxx/gui/common/charts/pkgIndex.tcl
/tools/Synopsys/dc/V-2023.12-SP5-1/auxx/gui/common/setup/pkgIndex.tcl
/tools/Synopsys/dc/V-2023.12-SP5-1/auxx/gui/common/3dmodel/pkgIndex.tcl
/tools/Synopsys/dc/V-2023.12-SP5-1/auxx/gui/common/WindowFrameWork/pkgIndex.tcl
/tools/Synopsys/dc/V-2023.12-SP5-1/auxx/gui/common/rtlxref/pkgIndex.tcl
/tools/Synopsys/dc/V-2023.12-SP5-1/auxx/gui/common/schematic/pkgIndex.tcl
/tools/Synopsys/dc/V-2023.12-SP5-1/auxx/gui/common/view/pkgIndex.tcl
/tools/Synopsys/dc/V-2023.12-SP5-1/auxx/gui/common/menus/pkgIndex.tcl
/tools/Synopsys/dc/V-2023.12-SP5-1/auxx/gui/common/layout/pkgIndex.tcl
/tools/Synopsys/dc/V-2023.12-SP5-1/auxx/gui/common/tiledview/pkgIndex.tcl
/tools/Synopsys/dc/V-2023.12-SP5-1/auxx/gui/common/hierAttrView/pkgIndex.tcl
/tools/Synopsys/dc/V-2023.12-SP5-1/auxx/gui/common/opdlg/pkgIndex.tcl
/tools/Synopsys/dc/V-2023.12-SP5-1/auxx/gui/common/misc/pkgIndex.tcl
/tools/Synopsys/dc/V-2023.12-SP5-1/auxx/gui/common/dialogs/pkgIndex.tcl
/tools/Synopsys/dc/V-2023.12-SP5-1/auxx/gui/common/tcl-dp/pkgIndex.tcl
/tools/Synopsys/dc/V-2023.12-SP5-1/auxx/gui/common/table/pkgIndex.tcl
/tools/Synopsys/dc/V-2023.12-SP5-1/auxx/gui/common/libviewer/pkgIndex.tcl
/tools/Synopsys/dc/V-2023.12-SP5-1/auxx/gui/common/utable/pkgIndex.tcl
/tools/Synopsys/dc/V-2023.12-SP5-1/auxx/gui/common/mrupalette/pkgIndex.tcl
/tools/Synopsys/dc/V-2023.12-SP5-1/auxx/gui/common/qtcl/pkgIndex.tcl
/tools/Synopsys/dc/V-2023.12-SP5-1/auxx/gui/common/commandform/pkgIndex.tcl
/tools/Synopsys/dc/V-2023.12-SP5-1/auxx/gui/common/strokes/pkgIndex.tcl
/tools/Synopsys/dc/V-2023.12-SP5-1/auxx/gui/common/3dlayout/pkgIndex.tcl
/tools/Synopsys/dc/V-2023.12-SP5-1/auxx/gui/dv/pkgIndex.tcl
/tools/Synopsys/dc/V-2023.12-SP5-1/auxx/syn/lib/pkgIndex.tcl
/tools/Synopsys/dc/V-2023.12-SP5-1/auxx/tcllib/lib/itcl4.2.1/pkgIndex.tcl
/tools/Synopsys/dc/V-2023.12-SP5-1/auxx/tcllib/lib/iwidgets4.1/pkgIndex.tcl
/tools/Synopsys/dc/V-2023.12-SP5-1/auxx/tcllib/snps_tcl/snpsTclPro/pkgIndex.tcl
/tools/Synopsys/dc/V-2023.12-SP5-1/auxx/tcllib/snps_tcl/snpsUtils/pkgIndex.tcl
/tools/Synopsys/dc/V-2023.12-SP5-1/auxx/tcllib/snps_tcl/snpsTest/pkgIndex.tcl
/tools/Synopsys/dc/V-2023.12-SP5-1/auxx/tcllib/snps_tcl/pkgIndex.tcl
/tools/Synopsys/dc/V-2023.12-SP5-1/auxx/tcllib/lib/tcl8.6/reg/pkgIndex.tcl
/tools/Synopsys/dc/V-2023.12-SP5-1/auxx/tcllib/lib/tcl8.6/http/pkgIndex.tcl
/tools/Synopsys/dc/V-2023.12-SP5-1/auxx/tcllib/lib/tcl8.6/platform/pkgIndex.tcl
/tools/Synopsys/dc/V-2023.12-SP5-1/auxx/tcllib/lib/tcl8.6/msgcat/pkgIndex.tcl
/tools/Synopsys/dc/V-2023.12-SP5-1/auxx/tcllib/lib/tcl8.6/http1.0/pkgIndex.tcl
/tools/Synopsys/dc/V-2023.12-SP5-1/auxx/tcllib/lib/tcl8.6/tcltest/pkgIndex.tcl
/tools/Synopsys/dc/V-2023.12-SP5-1/auxx/tcllib/lib/tcl8.6/opt/pkgIndex.tcl
/tools/Synopsys/dc/V-2023.12-SP5-1/auxx/tcllib/lib/tcl8.6/dde/pkgIndex.tcl
/tools/Synopsys/dc/V-2023.12-SP5-1/auxx/gui/common/setup/snpsCommonSetup.tcl
/tools/Synopsys/dc/V-2023.12-SP5-1/auxx/gui/common/setup/snpsCustomize.tcl
/tools/Synopsys/dc/V-2023.12-SP5-1/auxx/gui/common/setup/snpsProcheck.tcl
/tools/Synopsys/dc/V-2023.12-SP5-1/auxx/gui/common/misc/base.tcl
/tools/Synopsys/dc/V-2023.12-SP5-1/auxx/gui/common/misc/timing.tcl
/tools/Synopsys/dc/V-2023.12-SP5-1/auxx/gui/common/misc/setting.tcl
/tools/Synopsys/dc/V-2023.12-SP5-1/auxx/gui/common/misc/preset.tcl
/tools/Synopsys/dc/V-2023.12-SP5-1/auxx/gui/common/WindowFrameWork/windowFrameWork.tcl
/tools/Synopsys/dc/V-2023.12-SP5-1/auxx/gui/common/WindowFrameWork/skipBusyCursorCmdList.tcl
/tools/Synopsys/dc/V-2023.12-SP5-1/auxx/gui/common/qtcl/.synopsys_qtcl.tcl
/tools/Synopsys/dc/V-2023.12-SP5-1/auxx/gui/common/highlight/highlight.tcl
/tools/Synopsys/dc/V-2023.12-SP5-1/auxx/gui/common/palettegroup/palettegroup.tcl
/tools/Synopsys/dc/V-2023.12-SP5-1/auxx/gui/common/commandform/commandform.tcl
/tools/Synopsys/dc/V-2023.12-SP5-1/auxx/gui/common/tiledview/tiledview.tcl
/tools/Synopsys/dc/V-2023.12-SP5-1/auxx/gui/common/docBrowser/docBrowser.tcl
/tools/Synopsys/dc/V-2023.12-SP5-1/auxx/tcllib/snps_tcl/snpsUtils/snpsUtils.tcl
/tools/Synopsys/dc/V-2023.12-SP5-1/auxx/gui/common/dialogs/ObjectChooser.tcl
/tools/Synopsys/dc/V-2023.12-SP5-1/auxx/gui/common/misc/DialogObjectChooser.tcl
/tools/Synopsys/dc/V-2023.12-SP5-1/auxx/gui/common/dialogs/HistBinInformation.tcl
/tools/Synopsys/dc/V-2023.12-SP5-1/auxx/gui/common/dialogs/HistBin1Information.tcl
/tools/Synopsys/dc/V-2023.12-SP5-1/auxx/gui/common/dialogs/BinsOnlyInformation.tcl
/tools/Synopsys/dc/V-2023.12-SP5-1/auxx/gui/common/dialogs/FileChooser.tcl
/tools/Synopsys/dc/V-2023.12-SP5-1/auxx/gui/common/dialogs/PathPinSimpleInfo.tcl
/tools/Synopsys/dc/V-2023.12-SP5-1/auxx/gui/common/dialogs/PathsBasicInfo.tcl
/tools/Synopsys/dc/V-2023.12-SP5-1/auxx/gui/common/dialogs/PathsBasicSimpleInfo.tcl
/tools/Synopsys/dc/V-2023.12-SP5-1/auxx/gui/common/dialogs/SlctOperationInfo.tcl
/tools/Synopsys/dc/V-2023.12-SP5-1/auxx/gui/common/dialogs/ObjectListInfo.tcl
/tools/Synopsys/dc/V-2023.12-SP5-1/auxx/gui/common/dialogs/FanInOutInfo.tcl
/tools/Synopsys/dc/V-2023.12-SP5-1/auxx/gui/common/dialogs/NumberOfLevelsChooser.tcl
/tools/Synopsys/dc/V-2023.12-SP5-1/auxx/gui/common/dialogs/WindowReuseInfo.tcl
/tools/Synopsys/dc/V-2023.12-SP5-1/auxx/gui/common/dialogs/ReportOutputOptionInfo.tcl
/tools/Synopsys/dc/V-2023.12-SP5-1/auxx/gui/common/setup/snpsCollections.tcl
/tools/Synopsys/dc/V-2023.12-SP5-1/auxx/gui/common/dialogs/CompileLinkDesign.tcl
/tools/Synopsys/dc/V-2023.12-SP5-1/auxx/gui/common/histogram/base.tcl
/tools/Synopsys/dc/V-2023.12-SP5-1/auxx/gui/common/histogram/DialogNetCapacitance.tcl
/tools/Synopsys/dc/V-2023.12-SP5-1/auxx/gui/common/schematic/DialogPathSchematicFanInOut.tcl
/tools/Synopsys/dc/V-2023.12-SP5-1/auxx/gui/common/schematic/DialogPathSchematicAddPaths.tcl
/home/AS501_G3/3_genV_w_2_folder/syn/script/dc.tcl
/tools/Synopsys/dc/V-2023.12-SP5-1/dw/syn_ver/DW_dp_mult_comb_function.inc
/home/AS501_G3/3_genV_w_2_folder/syn/../rtl/common/core_package.sv
/home/AS501_G3/3_genV_w_2_folder/syn/../rtl/common/d_flip_flop.sv
/home/AS501_G3/3_genV_w_2_folder/syn/../rtl/common/mux2to1.sv
/home/AS501_G3/3_genV_w_2_folder/syn/../rtl/common/mux3to1.sv
/home/AS501_G3/3_genV_w_2_folder/syn/../rtl/common/mux4to1.sv
/home/AS501_G3/3_genV_w_2_folder/syn/../rtl/common/mux5to1.sv
/home/AS501_G3/3_genV_w_2_folder/syn/../rtl/common/counter.sv
/home/AS501_G3/3_genV_w_2_folder/syn/../rtl/cache/submodule/cache_sram.sv
/home/AS501_G3/3_genV_w_2_folder/syn/../rtl/cache/instr_cache.sv
/home/AS501_G3/3_genV_w_2_folder/syn/../rtl/cache/data_cache.sv
/home/AS501_G3/3_genV_w_2_folder/syn/../rtl/scalar_core/alu.sv
/home/AS501_G3/3_genV_w_2_folder/syn/../rtl/scalar_core/csr.sv
/home/AS501_G3/3_genV_w_2_folder/syn/../rtl/scalar_core/decoder.sv
/home/AS501_G3/3_genV_w_2_folder/syn/../rtl/scalar_core/regfile.sv
/home/AS501_G3/3_genV_w_2_folder/syn/../rtl/scalar_core/mcu.sv
/home/AS501_G3/3_genV_w_2_folder/syn/../rtl/scalar_core/scalar_core.sv
/home/AS501_G3/3_genV_w_2_folder/syn/../rtl/accel/gemv_accel.sv
/home/AS501_G3/3_genV_w_2_folder/syn/../rtl/dma/dma_controller.sv
/home/AS501_G3/3_genV_w_2_folder/syn/../rtl/memory/scratchpad.sv
/home/AS501_G3/3_genV_w_2_folder/syn/../rtl/cpu_top.sv
/technology/TSMC_28nm_HPC_RF/STD/tcbn28hpcplusbwp30p140_190a/TSMCHOME/digital/Front_End/timing_power_noise/NLDM/tcbn28hpcplusbwp30p140_180a/tcbn28hpcplusbwp30p140tt1v25c.db
/technology/TSMC_28nm_HPC_RF/SRAM/tsn28hpcpd127spsram_20120200_180a/TSMCHOME/sram/Output/ts5n28hpcphvta512x54m4f_tt1v25c/ts5n28hpcphvta512x54m4f_tt1v25c.db
/tools/Synopsys/dc/V-2023.12-SP5-1/libraries/syn/dw_foundation.sldb
/tools/Synopsys/dc/V-2023.12-SP5-1/libraries/syn/gtech.db
/tools/Synopsys/dc/V-2023.12-SP5-1/libraries/syn/standard.sldb
/technology/TSMC_28nm_HPC_RF/STD/tcbn28hpcplusbwp30p140_190a/TSMCHOME/digital/Front_End/timing_power_noise/NLDM/tcbn28hpcplusbwp30p140_180a/tcbn28hpcplusbwp30p140tt1v25c.db
/technology/TSMC_28nm_HPC_RF/SRAM/tsn28hpcpd127spsram_20120200_180a/TSMCHOME/sram/Output/ts5n28hpcphvta512x54m4f_tt1v25c/ts5n28hpcphvta512x54m4f_tt1v25c.db
/home/AS501_G3/3_genV_w_2_folder/syn/alib-52/ts5n28hpcphvta512x54m4f_tt1v25c.db.alib
/home/AS501_G3/3_genV_w_2_folder/syn/alib-52/tcbn28hpcplusbwp30p140tt1v25c.db.alib
/home/AS501_G3/3_genV_w_2_folder/syn/alib-52/alib_analyze_libs.tcl.e
/technology/TSMC_28nm_HPC_RF/STD/tcbn28hpcplusbwp30p140_190a/TSMCHOME/digital/Front_End/timing_power_noise/NLDM/tcbn28hpcplusbwp30p140_180a/tcbn28hpcplusbwp30p140tt1v25c.db
/technology/TSMC_28nm_HPC_RF/SRAM/tsn28hpcpd127spsram_20120200_180a/TSMCHOME/sram/Output/ts5n28hpcphvta512x54m4f_tt1v25c/ts5n28hpcphvta512x54m4f_tt1v25c.db
/home/AS501_G3/3_genV_w_2_folder/syn/alib-52/tcbn28hpcplusbwp30p140tt1v25c.db.alib
/home/AS501_G3/3_genV_w_2_folder/syn/alib-52/ts5n28hpcphvta512x54m4f_tt1v25c.db.alib
