Information: Performing leakage power optimization. (PWR-850)
CPU Load: 3%, Ram Free: 415 GB, Swap Free: 127 GB, Work Disk Free: 20752 GB, Tmp Disk Free: 1592 GB
Analyzing: "/technology/TSMC_28nm_HPC_RF/SRAM/tsn28hpcpd127spsram_20120200_180a/TSMCHOME/sram/Output/ts5n28hpcphvta512x54m4f_tt1v25c/ts5n28hpcphvta512x54m4f_tt1v25c.db"
Analyzing: "/technology/TSMC_28nm_HPC_RF/STD/tcbn28hpcplusbwp30p140_190a/TSMCHOME/digital/Front_End/timing_power_noise/NLDM/tcbn28hpcplusbwp30p140_180a/tcbn28hpcplusbwp30p140tt1v25c.db"
Library analysis succeeded.
Information: Running optimization using a maximum of 8 cores. (OPT-1500)
Information: Evaluating DesignWare library utilization. (UISN-27)

============================================================================
| DesignWare Building Block Library  |         Version         | Available |
============================================================================
| Basic DW Building Blocks           | V-2023.12-DWBB_202312.5 |     *     |
| Licensed DW Building Blocks        | V-2023.12-DWBB_202312.5 |     *     |
============================================================================

====================================================================================================
| Flow Information                                                                                 |
----------------------------------------------------------------------------------------------------
| Flow         | Design Compiler WLM                                                               |
| Command Line | compile_ultra -no_autoungroup                                                     |
====================================================================================================
| Design Information                                      | Value                                  |
====================================================================================================
| Number of Scenarios                                     | 0                                      |
| Leaf Cell Count                                         | 38936                                  |
| Number of User Hierarchies                              | 28                                     |
| Sequential Cell Count                                   | 34537                                  |
| Macro Count                                             | 0                                      |
| Number of Power Domains                                 | 0                                      |
| Number of Path Groups                                   | 2                                      |
| Number of VT Class                                      | 0                                      |
| Number of Clocks                                        | 1                                      |
| Number of Dont Touch Cells                              | 2082                                   |
| Number of Dont Touch Nets                               | 0                                      |
| Number of Size Only Cells                               | 6                                      |
| Design with UPF Data                                    | false                                  |
----------------------------------------------------------------------------------------------------
| Variables                                               | Value                                  |
----------------------------------------------------------------------------------------------------
| set_fix_multiple_port_nets                              | -all -buffer_constants                 |
====================================================================================================
Information: Sequential output inversion is enabled.  SVF file must be used for formal verification. (OPT-1208)

Information: There are 387 potential problems in your design. Please run 'check_design' for more information. (LINT-99)

Information: Uniquified 4 instances of design 'D_FF_32_0'. (OPT-1056)
Information: Uniquified 2 instances of design 'COUNTER_64_0'. (OPT-1056)
Information: Uniquified 3 instances of design 'MUX2TO1_DWidth32'. (OPT-1056)
Information: Uniquified 3 instances of design 'MUX4TO1_DWidth32'. (OPT-1056)
Information: Uniquified 2 instances of design 'D_FF_64_0'. (OPT-1056)
  Simplifying Design 'CPU_TOP'
Information: The register 'SCORE/DECODER/COUNTER_INSTRET/cnt_done_o_reg' will be removed. (OPT-1207)
Information: The register 'SCORE/COUNTER_CYCLE/cnt_done_o_reg' will be removed. (OPT-1207)

  Loading target library 'ts5n28hpcphvta512x54m4f_tt1v25c'
Loaded alib file './alib-52/tcbn28hpcplusbwp30p140tt1v25c.db.alib'
Loaded alib file './alib-52/ts5n28hpcphvta512x54m4f_tt1v25c.db.alib' (placeholder)
CPU Load: 3%, Ram Free: 415 GB, Swap Free: 127 GB, Work Disk Free: 20752 GB, Tmp Disk Free: 1592 GB
Information: State dependent leakage is now switched from on to off.

  Beginning Pass 1 Mapping
  ------------------------
.....................
  Processing 'gemv_accel_DWidth32'
Information: Added key list 'DesignWare' to design 'gemv_accel_DWidth32'. (DDB-72)
 Implement Synthetic for 'gemv_accel_DWidth32'.
  Processing 'REGFILE_DWidth32_NumofReg32'
  Processing 'MCU_00000000_00080000_00080000_07f80000_08000000_00100000_08100000_00000010'
Information: Added key list 'DesignWare' to design 'MCU_00000000_00080000_00080000_07f80000_08000000_00100000_08100000_00000010'. (DDB-72)
Information: The register 'd_state_q_reg_1_' is a constant and will be removed. (OPT-1206)
 Implement Synthetic for 'MCU_00000000_00080000_00080000_07f80000_08000000_00100000_08100000_00000010'.
  Processing 'CPU_TOP'
  Processing 'COUNTER_64_0_0'
 Implement Synthetic for 'COUNTER_64_0_0'.
  Processing 'COUNTER_30_0_511'
 Implement Synthetic for 'COUNTER_30_0_511'.
  Processing 'MUX5TO1_DWidth32'
  Processing 'ICACHE_SRAM_Depth512_DWidth54'
  Processing 'MUX2TO1_DWidth32_2'
  Processing 'SCALAR_CORE_DWidth32'
 Implement Synthetic for 'SCALAR_CORE_DWidth32'.
  Processing 'INSTR_CACHE_DWidth32'
Information: Added key list 'DesignWare' to design 'INSTR_CACHE_DWidth32'. (DDB-72)
  Processing 'D_FF_64_0_0'
  Processing 'CSR_DWidth32_AWidth12'
  Processing 'D_FF_32_0_0'
  Processing 'MUX4TO1_DWidth32_0'
  Processing 'MUX2TO1_DWidth32_1'
  Processing 'DECODER_DWidth32_OpWidth5_NumofReg32_CWidth12'
  Processing 'ALU_DWidth32_OpWidth5'
 Implement Synthetic for 'ALU_DWidth32_OpWidth5'.
Information: Added key list 'DesignWare' to design 'ALU_DWidth32_OpWidth5'. (DDB-72)
  Processing 'COUNTER_64_0_1'
 Implement Synthetic for 'COUNTER_64_0_1'.
  Processing 'D_FF_32_0_1'
  Processing 'MUX4TO1_DWidth32_1'
  Processing 'MUX3TO1_DWidth32'
  Processing 'D_FF_2_0'
  Processing 'D_FF_2_3'
  Processing 'MUX2TO1_DWidth32_0'
CPU Load: 3%, Ram Free: 415 GB, Swap Free: 127 GB, Work Disk Free: 20752 GB, Tmp Disk Free: 1592 GB

  Updating timing information
Information: Updating design information... (UID-85)
Information: Timing loop detected. (OPT-150)
	MCU_INST/U140/A2 MCU_INST/U140/ZN MCU_INST/U141/I MCU_INST/U141/ZN MCU_INST/U142/A2 MCU_INST/U142/ZN SCORE/DECODER/I_10/I SCORE/DECODER/I_10/ZN SCORE/DECODER/U199/I1 SCORE/DECODER/U199/Z MCU_INST/B_2/I MCU_INST/B_2/Z MCU_INST/U139/A1 MCU_INST/U139/ZN 
Warning: Disabling timing arc between pins 'A2' and 'ZN' on cell 'MCU_INST/U140'
         to break a timing loop. (OPT-314)
Information: The library cell 'TIELBWP30P140' in the library 'tcbn28hpcplusbwp30p140tt1v25c' is not characterized for internal power. (PWR-536)
Information: The library cell 'TIEHBWP30P140' in the library 'tcbn28hpcplusbwp30p140tt1v25c' is not characterized for internal power. (PWR-536)
Information: The target library(s) contains cell(s), other than black boxes, that are not characterized for internal power. (PWR-24)
Information: Removing unused design 'MUX2TO1_DWidth32_0'. (OPT-1055)
Information: Complementing port 'accel_req_i' in design 'gemv_accel_DWidth32'.
	 The new name of the port is 'accel_req_i_BAR'. (OPT-319)
Information: Complementing port 'accel_req_o' in design 'MCU_00000000_00080000_00080000_07f80000_08000000_00100000_08100000_00000010'.
	 The new name of the port is 'accel_req_o_BAR'. (OPT-319)
Information: The register 'SCORE/SRF/GPR_reg_0__0_' is a constant and will be removed. (OPT-1206)
Information: The register 'SCORE/SRF/GPR_reg_0__1_' is a constant and will be removed. (OPT-1206)
Information: The register 'SCORE/SRF/GPR_reg_0__2_' is a constant and will be removed. (OPT-1206)
Information: The register 'SCORE/SRF/GPR_reg_0__3_' is a constant and will be removed. (OPT-1206)
Information: The register 'SCORE/SRF/GPR_reg_0__4_' is a constant and will be removed. (OPT-1206)
Information: The register 'SCORE/SRF/GPR_reg_0__5_' is a constant and will be removed. (OPT-1206)
Information: The register 'SCORE/SRF/GPR_reg_0__6_' is a constant and will be removed. (OPT-1206)
Information: The register 'SCORE/SRF/GPR_reg_0__7_' is a constant and will be removed. (OPT-1206)
Information: The register 'SCORE/SRF/GPR_reg_0__8_' is a constant and will be removed. (OPT-1206)
Information: The register 'SCORE/SRF/GPR_reg_0__9_' is a constant and will be removed. (OPT-1206)
Information: The register 'SCORE/SRF/GPR_reg_0__10_' is a constant and will be removed. (OPT-1206)
Information: The register 'SCORE/SRF/GPR_reg_0__11_' is a constant and will be removed. (OPT-1206)
Information: The register 'SCORE/SRF/GPR_reg_0__12_' is a constant and will be removed. (OPT-1206)
Information: The register 'SCORE/SRF/GPR_reg_0__13_' is a constant and will be removed. (OPT-1206)
Information: The register 'SCORE/SRF/GPR_reg_0__14_' is a constant and will be removed. (OPT-1206)
Information: The register 'SCORE/SRF/GPR_reg_0__15_' is a constant and will be removed. (OPT-1206)
Information: The register 'SCORE/SRF/GPR_reg_0__16_' is a constant and will be removed. (OPT-1206)
Information: The register 'SCORE/SRF/GPR_reg_0__17_' is a constant and will be removed. (OPT-1206)
Information: The register 'SCORE/SRF/GPR_reg_0__18_' is a constant and will be removed. (OPT-1206)
Information: The register 'SCORE/SRF/GPR_reg_0__19_' is a constant and will be removed. (OPT-1206)
Information: The register 'SCORE/SRF/GPR_reg_0__20_' is a constant and will be removed. (OPT-1206)
Information: The register 'SCORE/SRF/GPR_reg_0__21_' is a constant and will be removed. (OPT-1206)
Information: The register 'SCORE/SRF/GPR_reg_0__22_' is a constant and will be removed. (OPT-1206)
Information: The register 'SCORE/SRF/GPR_reg_0__23_' is a constant and will be removed. (OPT-1206)
Information: The register 'SCORE/SRF/GPR_reg_0__24_' is a constant and will be removed. (OPT-1206)
Information: The register 'SCORE/SRF/GPR_reg_0__25_' is a constant and will be removed. (OPT-1206)
Information: The register 'SCORE/SRF/GPR_reg_0__26_' is a constant and will be removed. (OPT-1206)
Information: The register 'SCORE/SRF/GPR_reg_0__27_' is a constant and will be removed. (OPT-1206)
Information: The register 'SCORE/SRF/GPR_reg_0__28_' is a constant and will be removed. (OPT-1206)
Information: The register 'SCORE/SRF/GPR_reg_0__29_' is a constant and will be removed. (OPT-1206)
Information: The register 'SCORE/SRF/GPR_reg_0__30_' is a constant and will be removed. (OPT-1206)
Information: The register 'SCORE/SRF/GPR_reg_0__31_' is a constant and will be removed. (OPT-1206)

  Beginning Mapping Optimizations  (Ultra High effort)
  -------------------------------
Information: Added key list 'DesignWare' to design 'SCALAR_CORE_DWidth32'. (DDB-72)
Information: Added key list 'DesignWare' to design 'COUNTER_30_0_511'. (DDB-72)
Information: Added key list 'DesignWare' to design 'COUNTER_64_0_1'. (DDB-72)
Information: Added key list 'DesignWare' to design 'COUNTER_64_0_0'. (DDB-72)
.........
Information: The register 'u_gemv_accel/acc_q_reg_62_' will be removed. (OPT-1207)
Information: The register 'u_gemv_accel/acc_q_reg_63_' will be removed. (OPT-1207)
Information: The register 'u_gemv_accel/acc_q_reg_61_' will be removed. (OPT-1207)
Information: The register 'u_gemv_accel/acc_q_reg_60_' will be removed. (OPT-1207)
Information: The register 'u_gemv_accel/acc_q_reg_59_' will be removed. (OPT-1207)
Information: The register 'u_gemv_accel/acc_q_reg_58_' will be removed. (OPT-1207)
Information: The register 'u_gemv_accel/acc_q_reg_57_' will be removed. (OPT-1207)
Information: The register 'u_gemv_accel/acc_q_reg_56_' will be removed. (OPT-1207)
Information: The register 'u_gemv_accel/acc_q_reg_53_' will be removed. (OPT-1207)
Information: The register 'u_gemv_accel/acc_q_reg_52_' will be removed. (OPT-1207)
Information: The register 'u_gemv_accel/acc_q_reg_54_' will be removed. (OPT-1207)
Information: The register 'u_gemv_accel/acc_q_reg_55_' will be removed. (OPT-1207)
Information: The register 'u_gemv_accel/acc_q_reg_51_' will be removed. (OPT-1207)
Information: The register 'u_gemv_accel/acc_q_reg_50_' will be removed. (OPT-1207)
Information: The register 'u_gemv_accel/acc_q_reg_49_' will be removed. (OPT-1207)
Information: The register 'u_gemv_accel/acc_q_reg_48_' will be removed. (OPT-1207)
Information: The register 'u_gemv_accel/acc_q_reg_47_' will be removed. (OPT-1207)
Information: The register 'u_gemv_accel/acc_q_reg_46_' will be removed. (OPT-1207)
Information: The register 'u_gemv_accel/acc_q_reg_45_' will be removed. (OPT-1207)
Information: The register 'u_gemv_accel/acc_q_reg_44_' will be removed. (OPT-1207)
Information: The register 'u_gemv_accel/acc_q_reg_43_' will be removed. (OPT-1207)
Information: The register 'u_gemv_accel/acc_q_reg_42_' will be removed. (OPT-1207)
Information: The register 'u_gemv_accel/acc_q_reg_41_' will be removed. (OPT-1207)
Information: The register 'u_gemv_accel/acc_q_reg_40_' will be removed. (OPT-1207)
Information: The register 'u_gemv_accel/acc_q_reg_39_' will be removed. (OPT-1207)
Information: The register 'u_gemv_accel/acc_q_reg_38_' will be removed. (OPT-1207)
Information: The register 'u_gemv_accel/acc_q_reg_37_' will be removed. (OPT-1207)
Information: The register 'u_gemv_accel/acc_q_reg_36_' will be removed. (OPT-1207)
Information: The register 'u_gemv_accel/acc_q_reg_35_' will be removed. (OPT-1207)
Information: The register 'u_gemv_accel/acc_q_reg_34_' will be removed. (OPT-1207)
Information: The register 'u_gemv_accel/acc_q_reg_33_' will be removed. (OPT-1207)
Information: The register 'u_gemv_accel/acc_q_reg_32_' will be removed. (OPT-1207)
  Mapping Optimization (Phase 1)

                                  TOTAL                                                
   ELAPSED            WORST NEG   SETUP    DESIGN                              LEAKAGE 
    TIME      AREA      SLACK     COST    RULE COST         ENDPOINT            POWER  
  --------- --------- --------- --------- --------- ------------------------- ---------
    0:06:26  143662.4      0.00       0.0      49.4                           1079560.0000
    0:06:34  143493.4      0.00       0.0      49.4                           1078582.1250

  Beginning Constant Register Removal
  -----------------------------------

  Beginning Global Optimizations
  ------------------------------
  Numerical Synthesis (Phase 1)
  Numerical Synthesis (Phase 2)
  Global Optimization (Phase 1)
  Global Optimization (Phase 2)
  Global Optimization (Phase 3)
  Global Optimization (Phase 4)
  Global Optimization (Phase 5)
  Global Optimization (Phase 6)
  Global Optimization (Phase 7)
  Global Optimization (Phase 8)
  Global Optimization (Phase 9)
  Global Optimization (Phase 10)
  Global Optimization (Phase 11)
  Global Optimization (Phase 12)
  Global Optimization (Phase 13)
  Global Optimization (Phase 14)
  Global Optimization (Phase 15)
  Global Optimization (Phase 16)
  Global Optimization (Phase 17)
  Global Optimization (Phase 18)
  Global Optimization (Phase 19)
  Global Optimization (Phase 20)
  Global Optimization (Phase 21)
  Global Optimization (Phase 22)
  Global Optimization (Phase 23)
  Global Optimization (Phase 24)
  Global Optimization (Phase 25)
  Global Optimization (Phase 26)
  Global Optimization (Phase 27)
  Global Optimization (Phase 28)
  Global Optimization (Phase 29)
  Global Optimization (Phase 30)

  Beginning Isolate Ports
  -----------------------

  Beginning Delay Optimization
  ----------------------------
    0:07:16  139029.2      0.00       0.0      49.4                           1009236.5625
    0:07:16  139029.2      0.00       0.0      49.4                           1009236.5625
    0:07:16  139029.2      0.00       0.0      49.4                           1009236.5625
    0:07:17  138964.7      0.00       0.0      49.4                           1008794.5625
    0:07:31  138951.8      0.00       0.0      49.4                           1008789.1250
    0:07:39  138951.8      0.00       0.0      49.4                           1008789.1250

  Beginning WLM Backend Optimization
  --------------------------------------
    0:08:08  136724.1      0.00       0.0      49.4                           969642.9375
    0:08:18  130114.1      0.00       0.0      49.4                           853691.9375
    0:08:25  126395.3      0.00       0.0      49.4                           788311.5625
    0:08:25  126395.3      0.00       0.0      49.4                           788311.5625
    0:08:25  126395.3      0.00       0.0      49.4                           788311.5625
    0:08:25  126395.3      0.00       0.0      49.4                           788311.5625
    0:08:25  126395.3      0.00       0.0      49.4                           788311.5625
    0:08:39  125743.7      0.00       0.0      49.4                           782644.5625
    0:08:39  125743.7      0.00       0.0      49.4                           782644.5625
    0:08:39  125743.7      0.00       0.0      49.4                           782644.5625
    0:08:39  125743.7      0.00       0.0      49.4                           782644.5625
    0:08:39  125743.7      0.00       0.0      49.4                           782644.5625
    0:08:39  125743.7      0.00       0.0      49.4                           782644.5625
    0:08:39  125743.7      0.00       0.0      49.4                           782644.5625
    0:08:39  125743.7      0.00       0.0      49.4                           782644.5625
    0:08:39  125743.7      0.00       0.0      49.4                           782644.5625
    0:08:39  125743.7      0.00       0.0      49.4                           782644.5625
    0:08:39  125743.7      0.00       0.0      49.4                           782644.5625
    0:08:39  125743.7      0.00       0.0      49.4                           782644.5625
    0:08:39  125743.7      0.00       0.0      49.4                           782644.5625
    0:08:39  125743.7      0.00       0.0      49.4                           782644.5625
    0:08:39  125743.7      0.00       0.0      49.4                           782644.5625
    0:08:39  125743.7      0.00       0.0      49.4                           782644.5625
    0:08:39  125743.7      0.00       0.0      49.4                           782644.5625
    0:08:39  125743.7      0.00       0.0      49.4                           782644.5625
    0:08:39  125743.7      0.00       0.0      49.4                           782644.5625


  Beginning Design Rule Fixing  (min_capacitance)
  ----------------------------

                                  TOTAL                                                
   ELAPSED            WORST NEG   SETUP    DESIGN                              LEAKAGE 
    TIME      AREA      SLACK     COST    RULE COST         ENDPOINT            POWER  
  --------- --------- --------- --------- --------- ------------------------- ---------
    0:08:39  125743.7      0.00       0.0      49.4                           782644.5625
  Global Optimization (Phase 31)
  Global Optimization (Phase 32)
  Global Optimization (Phase 33)
    0:08:41  125743.7      0.00       0.0      49.4                           782644.5625
    0:08:41  125743.7      0.00       0.0      49.4                           782644.5625
    0:08:41  125851.4      0.00       0.0      49.4                           784497.0625
    0:08:41  125851.4      0.00       0.0      49.4                           784497.0625
    0:08:41  125851.4      0.00       0.0      49.4                           784497.0625
    0:08:51  125746.7      0.00       0.0      49.4                           779945.6875
    0:08:51  125746.7      0.00       0.0      49.4                           779945.6875
    0:08:51  125746.7      0.00       0.0      49.4                           779945.6875
    0:08:51  125746.7      0.00       0.0      49.4                           779945.6875
    0:08:51  125746.7      0.00       0.0      49.4                           779945.6875
    0:08:51  125746.7      0.00       0.0      49.4                           779945.6875
    0:08:51  125746.7      0.00       0.0      49.4                           779945.6875
    0:08:51  125746.7      0.00       0.0      49.4                           779945.6875
    0:08:51  125746.7      0.00       0.0      49.4                           779945.6875
    0:08:51  125746.7      0.00       0.0      49.4                           779945.6875
    0:08:51  125746.7      0.00       0.0      49.4                           779945.6875
    0:08:51  125746.7      0.00       0.0      49.4                           779945.6875
    0:08:51  125746.7      0.00       0.0      49.4                           779945.6875
    0:08:51  125746.7      0.00       0.0      49.4                           779945.6875
    0:08:51  125746.7      0.00       0.0      49.4                           779945.6875
    0:08:51  125746.7      0.00       0.0      49.4                           779945.6875
    0:08:51  125746.7      0.00       0.0      49.4                           779945.6875
    0:08:51  125746.7      0.00       0.0      49.4                           779945.6875
    0:08:51  125746.7      0.00       0.0      49.4                           779945.6875

                                  TOTAL                                                
   ELAPSED            WORST NEG   SETUP    DESIGN                              LEAKAGE 
    TIME      AREA      SLACK     COST    RULE COST         ENDPOINT            POWER  
  --------- --------- --------- --------- --------- ------------------------- ---------
    0:08:54  125691.0      0.00       0.0      49.4                           779928.5000
    0:09:02  125342.1      0.00       0.0      49.4                           778120.1875
    0:09:02  125342.1      0.00       0.0      49.4                           778120.1875
    0:09:02  125342.1      0.00       0.0      49.4                           778120.1875
    0:09:07  125251.1      0.00       0.0      49.4                           776311.6875
    0:09:26  124669.3      0.00       0.0      49.4                           771474.3125
    0:09:30  124630.0      0.00       0.0      49.4                           771117.0625
    0:09:30  124624.5      0.00       0.0      49.4                           771057.0625
    0:09:30  124624.5      0.00       0.0      49.4                           771057.0625
    0:09:30  124624.5      0.00       0.0      49.4                           771057.0625
    0:09:30  124624.5      0.00       0.0      49.4                           771057.0625
    0:09:31  124624.5      0.00       0.0      49.4                           771057.0625
    0:09:31  124624.5      0.00       0.0      49.4                           771057.0625
    0:09:32  124613.1      0.00       0.0      49.4                           770921.9375
CPU Load: 3%, Ram Free: 415 GB, Swap Free: 127 GB, Work Disk Free: 20752 GB, Tmp Disk Free: 1592 GB
Loading db file '/technology/TSMC_28nm_HPC_RF/STD/tcbn28hpcplusbwp30p140_190a/TSMCHOME/digital/Front_End/timing_power_noise/NLDM/tcbn28hpcplusbwp30p140_180a/tcbn28hpcplusbwp30p140tt1v25c.db'
Loading db file '/technology/TSMC_28nm_HPC_RF/SRAM/tsn28hpcpd127spsram_20120200_180a/TSMCHOME/sram/Output/ts5n28hpcphvta512x54m4f_tt1v25c/ts5n28hpcphvta512x54m4f_tt1v25c.db'


Note: Symbol # after min delay cost means estimated hold TNS across all active scenarios 


  Optimization Complete
  ---------------------
Warning: Design 'CPU_TOP' contains 1 high-fanout nets. A fanout number of 1000 will be used for delay calculations involving these nets. (TIM-134)
     Net 'SCORE/FF_PC/clk_i': 34470 load(s), 1 driver(s)
  Loading target library 'ts5n28hpcphvta512x54m4f_tt1v25c'
Information: State dependent leakage is now switched from off to on.
Information: Propagating switching activity (low effort zero delay simulation). (PWR-6)
Warning: Design has unannotated black box outputs. (PWR-428)
CPU Load: 2%, Ram Free: 415 GB, Swap Free: 127 GB, Work Disk Free: 20752 GB, Tmp Disk Free: 1592 GB
Information: Total number of MV cells in the design.
----------------------------------------------------------------------------------------------------
 MV Cells                                           Total Number                                   
----------------------------------------------------------------------------------------------------
 Level Shifter:                                     0                                             
 Enable Level Shifter:                              0                                             
 Isolation Cell:                                    0                                             
 Retention Cell:                                    0                                             
 Retention Clamp Cell:                              0                                             
 Switch Cell:                                       0                                             
 Always-On Cell:                                    0                                             
 Repeater Cell:                                     0                                             

----------------------------------------------------------------------------------------------------
Unmapped MV Cells 
----------------------------------------------------------------------------------------------------
0 Isolation Cells are unmapped 
0 Retention Clamp Cells are unmapped 
----------------------------------------------------------------------------------------------------
1
