 
****************************************
Report : area
Design : CPU_TOP
Version: V-2023.12-SP5-1
Date   : Sun May 10 18:21:05 2026
****************************************

Library(s) Used:

    tcbn28hpcplusbwp30p140tt1v25c (File: /technology/TSMC_28nm_HPC_RF/STD/tcbn28hpcplusbwp30p140_190a/TSMCHOME/digital/Front_End/timing_power_noise/NLDM/tcbn28hpcplusbwp30p140_180a/tcbn28hpcplusbwp30p140tt1v25c.db)
    ts5n28hpcphvta512x54m4f_tt1v25c (File: /technology/TSMC_28nm_HPC_RF/SRAM/tsn28hpcpd127spsram_20120200_180a/TSMCHOME/sram/Output/ts5n28hpcphvta512x54m4f_tt1v25c/ts5n28hpcphvta512x54m4f_tt1v25c.db)

Number of ports:                         3762
Number of nets:                        107701
Number of cells:                       103352
Number of combinational cells:          68855
Number of sequential cells:             34469
Number of macros/black boxes:               1
Number of buf/inv:                       1528
Number of references:                       6

Combinational area:              48109.445231
Buf/Inv area:                      421.470002
Noncombinational area:           65332.259469
Macro/Black Box area:            11170.114258
Net Interconnect area:      undefined  (Wire load has zero net area)

Total cell area:                124611.818958
Total area:                 undefined

The above information was reported from the logical library. The following are from the physical library:

Hierarchical area distribution
------------------------------

                                  Global cell area               Local cell area
                                  --------------------  ---------------------------------- 
Hierarchical cell                 Absolute     Percent  Combi-      Noncombi-   Black-
                                  Total        Total    national    national    boxes       Design
--------------------------------  -----------  -------  ----------  ----------  ----------  ---------------------------------------------------------------------------
CPU_TOP                           124611.8190    100.0     57.8340      0.0000      0.0000  CPU_TOP
ICACHE                             11483.7283      9.2    110.5020      0.0000      0.0000  INSTR_CACHE_DWidth32
ICACHE/COUNTER_ICACHE                112.6440      0.1     42.3360     70.3080      0.0000  COUNTER_30_0_511
ICACHE/FF_CACHE_STATE                  4.7880      0.0      1.0080      3.7800      0.0000  D_FF_2_3
ICACHE/FF_INSTR                       85.6800      0.1     25.2000     60.4800      0.0000  D_FF_32_0_3
ICACHE/ICACHE_SRAM                 11170.1143      9.0      0.0000      0.0000  11170.1143  ICACHE_SRAM_Depth512_DWidth54
MCU_INST                             126.5040      0.1    108.3600     18.1440      0.0000  MCU_00000000_00080000_00080000_07f80000_08000000_00100000_08100000_00000010
SCORE                               7330.5539      5.9    106.8480      0.0000      0.0000  SCALAR_CORE_DWidth32
SCORE/ALU                           2303.0280      1.8   2303.0280      0.0000      0.0000  ALU_DWidth32_OpWidth5
SCORE/COUNTER_CYCLE                  212.8140      0.2     67.6620    145.1520      0.0000  COUNTER_64_0_1
SCORE/CSR                            407.9880      0.3     73.3320      0.0000      0.0000  CSR_DWidth32_AWidth12
SCORE/CSR/FF_MCYCLE                  129.0240      0.1      0.0000    129.0240      0.0000  D_FF_64_0_1
SCORE/CSR/FF_MINSTRET                129.0240      0.1      0.0000    129.0240      0.0000  D_FF_64_0_0
SCORE/CSR/FF_RDATA                    76.6080      0.1     16.1280     60.4800      0.0000  D_FF_32_0_0
SCORE/DECODER                        323.1900      0.3     82.6560      0.0000      0.0000  DECODER_DWidth32_OpWidth5_NumofReg32_CWidth12
SCORE/DECODER/COUNTER_INSTRET        235.7460      0.2     90.5940    145.1520      0.0000  COUNTER_64_0_0
SCORE/DECODER/FF_DEC_STATE             4.7880      0.0      1.0080      3.7800      0.0000  D_FF_2_0
SCORE/FF_IADDR                        85.6800      0.1     25.2000     60.4800      0.0000  D_FF_32_0_1
SCORE/FF_PC                           85.6800      0.1     25.2000     60.4800      0.0000  D_FF_32_0_2
SCORE/MUX_ALU_A                       54.1800      0.0     54.1800      0.0000      0.0000  MUX4TO1_DWidth32_2
SCORE/MUX_ALU_B                       54.8100      0.0     54.8100      0.0000      0.0000  MUX4TO1_DWidth32_1
SCORE/MUX_BR                          28.2240      0.0     28.2240      0.0000      0.0000  MUX2TO1_DWidth32_1
SCORE/MUX_LD                          23.8140      0.0     23.8140      0.0000      0.0000  MUX5TO1_DWidth32
SCORE/MUX_PC                          27.4680      0.0     27.4680      0.0000      0.0000  MUX2TO1_DWidth32_2
SCORE/MUX_ST                          22.5540      0.0     22.5540      0.0000      0.0000  MUX3TO1_DWidth32
SCORE/MUX_WB                          53.6760      0.0     53.6760      0.0000      0.0000  MUX4TO1_DWidth32_0
SCORE/SRF                           3540.6000      2.8   1665.7200   1874.8800      0.0000  REGFILE_DWidth32_NumofReg32
u_gemv_accel                      105613.1988     84.8  43042.1033  62571.0955      0.0000  gemv_accel_DWidth32
--------------------------------  -----------  -------  ----------  ----------  ----------  ---------------------------------------------------------------------------
Total                                                   48109.4452  65332.2595  11170.1143

1
