Information: Propagating switching activity (low effort zero delay simulation). (PWR-6)
Warning: Design has unannotated primary inputs. (PWR-414)
Warning: Design has unannotated sequential cell outputs. (PWR-415)
Warning: Design has unannotated black box outputs. (PWR-428)
 
****************************************
Report : power
        -analysis_effort low
Design : CPU_TOP
Version: V-2023.12-SP5-1
Date   : Sun May 10 18:21:09 2026
****************************************


Library(s) Used:

    tcbn28hpcplusbwp30p140tt1v25c (File: /technology/TSMC_28nm_HPC_RF/STD/tcbn28hpcplusbwp30p140_190a/TSMCHOME/digital/Front_End/timing_power_noise/NLDM/tcbn28hpcplusbwp30p140_180a/tcbn28hpcplusbwp30p140tt1v25c.db)
    ts5n28hpcphvta512x54m4f_tt1v25c (File: /technology/TSMC_28nm_HPC_RF/SRAM/tsn28hpcpd127spsram_20120200_180a/TSMCHOME/sram/Output/ts5n28hpcphvta512x54m4f_tt1v25c/ts5n28hpcphvta512x54m4f_tt1v25c.db)


Operating Conditions: tt1v25c   Library: tcbn28hpcplusbwp30p140tt1v25c
Wire Load Model Mode: segmented

Design        Wire Load Model            Library
------------------------------------------------
CPU_TOP                ZeroWireload      tcbn28hpcplusbwp30p140tt1v25c
INSTR_CACHE_DWidth32   ZeroWireload      tcbn28hpcplusbwp30p140tt1v25c
SCALAR_CORE_DWidth32   ZeroWireload      tcbn28hpcplusbwp30p140tt1v25c
MCU_00000000_00080000_00080000_07f80000_08000000_00100000_08100000_00000010 ZeroWireload tcbn28hpcplusbwp30p140tt1v25c
gemv_accel_DWidth32    ZeroWireload      tcbn28hpcplusbwp30p140tt1v25c
D_FF_32_0_3            ZeroWireload      tcbn28hpcplusbwp30p140tt1v25c
COUNTER_30_0_511       ZeroWireload      tcbn28hpcplusbwp30p140tt1v25c
D_FF_2_3               ZeroWireload      tcbn28hpcplusbwp30p140tt1v25c
ICACHE_SRAM_Depth512_DWidth54 ZeroWireload tcbn28hpcplusbwp30p140tt1v25c
COUNTER_64_0_1         ZeroWireload      tcbn28hpcplusbwp30p140tt1v25c
MUX2TO1_DWidth32_2     ZeroWireload      tcbn28hpcplusbwp30p140tt1v25c
DECODER_DWidth32_OpWidth5_NumofReg32_CWidth12 ZeroWireload tcbn28hpcplusbwp30p140tt1v25c
REGFILE_DWidth32_NumofReg32 ZeroWireload tcbn28hpcplusbwp30p140tt1v25c
CSR_DWidth32_AWidth12  ZeroWireload      tcbn28hpcplusbwp30p140tt1v25c
MUX4TO1_DWidth32_2     ZeroWireload      tcbn28hpcplusbwp30p140tt1v25c
ALU_DWidth32_OpWidth5  ZeroWireload      tcbn28hpcplusbwp30p140tt1v25c
MUX2TO1_DWidth32_1     ZeroWireload      tcbn28hpcplusbwp30p140tt1v25c
MUX5TO1_DWidth32       ZeroWireload      tcbn28hpcplusbwp30p140tt1v25c
MUX3TO1_DWidth32       ZeroWireload      tcbn28hpcplusbwp30p140tt1v25c
MUX4TO1_DWidth32_0     ZeroWireload      tcbn28hpcplusbwp30p140tt1v25c
D_FF_2_0               ZeroWireload      tcbn28hpcplusbwp30p140tt1v25c
COUNTER_64_0_0         ZeroWireload      tcbn28hpcplusbwp30p140tt1v25c
D_FF_32_0_0            ZeroWireload      tcbn28hpcplusbwp30p140tt1v25c
D_FF_64_0_1            ZeroWireload      tcbn28hpcplusbwp30p140tt1v25c
D_FF_64_0_0            ZeroWireload      tcbn28hpcplusbwp30p140tt1v25c
D_FF_32_0_1            ZeroWireload      tcbn28hpcplusbwp30p140tt1v25c
D_FF_32_0_2            ZeroWireload      tcbn28hpcplusbwp30p140tt1v25c
MUX4TO1_DWidth32_1     ZeroWireload      tcbn28hpcplusbwp30p140tt1v25c


Global Operating Voltage = 1    
Power-specific unit information :
    Voltage Units = 1V
    Capacitance Units = 1.000000pf
    Time Units = 1ns
    Dynamic Power Units = 1mW    (derived from V,C,T units)
    Leakage Power Units = 1nW


Attributes
----------
i - Including register clock pin internal power


  Cell Internal Power  =  16.7610 mW   (99%)
  Net Switching Power  =  90.7597 uW    (1%)
                         ---------
Total Dynamic Power    =  16.8518 mW  (100%)

Cell Leakage Power     = 685.9260 uW


                 Internal         Switching           Leakage            Total
Power Group      Power            Power               Power              Power   (   %    )  Attrs
--------------------------------------------------------------------------------------------------
io_pad             0.0000            0.0000            0.0000            0.0000  (   0.00%)
memory             0.4258        1.9503e-04        1.3372e+04            0.4394  (   2.51%)
black_box          0.0000            0.0000            0.0000            0.0000  (   0.00%)
clock_network     16.3144            0.0000            0.0000           16.3144  (  93.06%)  i
register       1.4000e-03        1.6992e-04        3.9811e+05            0.3997  (   2.28%)
sequential         0.0000            0.0000            0.0000            0.0000  (   0.00%)
combinational  1.3491e-02        9.0395e-02        2.7444e+05            0.3783  (   2.16%)
--------------------------------------------------------------------------------------------------
Total             16.7551 mW     9.0759e-02 mW     6.8593e+05 nW        17.5318 mW
1
