[Device] cpu
[Data] train=29000  val=1014 (별도 파일 사용)
[Vocab] DE=18726  EN=10214
[Vocab] saved -> test_code/output/vocab_src.txt  (size=18726)
[Vocab] saved -> test_code/output/vocab_tgt.txt  (size=10214)
[Model] params=5,684,966
[Data] 필터 후 train=29000  val=1014

============================================================================
  Ep   TrLoss   VaLoss     PPL    BLEU         LR    Time
============================================================================
   1   8.2132   7.2674 1432.75     -   7.93e-05  212.6s
     ✓ checkpoint saved (loss=7.2674)
   2   6.1837   5.3938  220.04     -   1.59e-04  218.4s
     ✓ checkpoint saved (loss=5.3938)
   3   5.0250   4.6628  105.93     -   2.38e-04  220.8s
     ✓ checkpoint saved (loss=4.6628)
   4   4.5009   4.3053   74.09     -   3.17e-04  214.5s
     ✓ checkpoint saved (loss=4.3053)
   5   4.2254   4.0643   58.23    3.93   3.97e-04  216.2s
     ✓ checkpoint saved (BLEU=3.93)
     DE : eine gruppe von männern lädt baumwolle auf einen lastwagen
     REF: a group of men are loading cotton onto a truck
     HYP: a group of people are walking on a street .
   6   3.9902   3.8339   46.24     -   4.76e-04  214.6s
     ✓ checkpoint saved (loss=3.8339)
   7   3.7692   3.6101   36.97     -   5.55e-04  224.2s
     ✓ checkpoint saved (loss=3.6101)
   8   3.5425   3.4033   30.06     -   6.34e-04  233.5s
     ✓ checkpoint saved (loss=3.4033)
   9   3.3200   3.2134   24.86     -   7.14e-04  229.3s
     ✓ checkpoint saved (loss=3.2134)
  10   3.1120   3.0560   21.24   21.27   7.93e-04  221.6s
     ✓ checkpoint saved (BLEU=21.27)
     DE : eine gruppe von männern lädt baumwolle auf einen lastwagen
     REF: a group of men are loading cotton onto a truck
     HYP: a group of men are gathered at a tree .
  11   2.9119   2.9095   18.35     -   8.72e-04  212.2s
     ✓ checkpoint saved (loss=2.9095)
  12   2.7474   2.7731   16.01     -   9.52e-04  214.9s
     ✓ checkpoint saved (loss=2.7731)
  13   2.5929   2.6796   14.58     -   1.03e-03  217.9s
     ✓ checkpoint saved (loss=2.6796)
  14   2.4580   2.6211   13.75     -   1.11e-03  216.4s
     ✓ checkpoint saved (loss=2.6211)
  15   2.3482   2.5554   12.88   29.45   1.19e-03  205.8s
     ✓ checkpoint saved (BLEU=29.45)
     DE : eine gruppe von männern lädt baumwolle auf einen lastwagen
     REF: a group of men are loading cotton onto a truck
     HYP: a group of men cleaning a truck .
  16   2.2427   2.5361   12.63     -   1.27e-03  211.0s
     ✓ checkpoint saved (loss=2.5361)
  17   2.1642   2.4928   12.10     -   1.35e-03  216.4s
     ✓ checkpoint saved (loss=2.4928)
  18   2.0878   2.4341   11.41     -   1.38e-03  212.7s
     ✓ checkpoint saved (loss=2.4341)
  19   2.0085   2.4435   11.51     -   1.35e-03  198.9s
  20   1.9447   2.4272   11.33   33.15   1.31e-03  227.2s
     ✓ checkpoint saved (BLEU=33.15)
     DE : eine gruppe von männern lädt baumwolle auf einen lastwagen
     REF: a group of men are loading cotton onto a truck
     HYP: a group of men hanging out on a truck .
  21   1.8712   2.4072   11.10     -   1.28e-03  230.9s
     ✓ checkpoint saved (loss=2.4072)
  22   1.8141   2.4055   11.08     -   1.25e-03  219.4s
     ✓ checkpoint saved (loss=2.4055)
  23   1.7693   2.3977   11.00     -   1.22e-03  214.3s
     ✓ checkpoint saved (loss=2.3977)
  24   1.7197   2.4018   11.04     -   1.20e-03  221.8s
  25   1.6749   2.3864   10.87   34.28   1.17e-03  237.2s
     ✓ checkpoint saved (BLEU=34.28)
     DE : eine gruppe von männern lädt baumwolle auf einen lastwagen
     REF: a group of men are loading cotton onto a truck
     HYP: a group of men unloading a truck indoors .
  26   1.6376   2.4004   11.03     -   1.15e-03  208.9s
  27   1.6029   2.4050   11.08     -   1.13e-03  198.5s
  28   1.5739   2.4138   11.18     -   1.11e-03  206.5s
  29   1.5379   2.4103   11.14     -   1.09e-03  211.6s
  30   1.5106   2.4087   11.12   34.68   1.07e-03  201.4s
     ✓ checkpoint saved (BLEU=34.68)
     DE : eine gruppe von männern lädt baumwolle auf einen lastwagen
     REF: a group of men are loading cotton onto a truck
     HYP: a group of men are entering a truck repairs .
  31   1.4869   2.4246   11.30     -   1.05e-03  211.9s
  32   1.4612   2.4138   11.18     -   1.04e-03  210.1s
  33   1.4461   2.4068   11.10     -   1.02e-03  218.8s
  34   1.4258   2.4321   11.38     -   1.01e-03  214.3s
  35   1.4041   2.4318   11.38   33.49   9.92e-04  220.9s
     DE : eine gruppe von männern lädt baumwolle auf einen lastwagen
     REF: a group of men are loading cotton onto a truck
     HYP: a group of men are hanging out on truck .
  36   1.3887   2.4416   11.49     -   9.78e-04  205.4s
  37   1.3675   2.4607   11.71     -   9.64e-04  214.0s
  38   1.3516   2.4634   11.74     -   9.52e-04  207.0s
  39   1.3374   2.4889   12.05     -   9.39e-04  214.9s
  40   1.3249   2.4903   12.06   34.19   9.28e-04  216.9s
     DE : eine gruppe von männern lädt baumwolle auf einen lastwagen
     REF: a group of men are loading cotton onto a truck
     HYP: a group of men loading spinning cotton candy .
  41   1.3061   2.4883   12.04     -   9.16e-04  214.4s
  42   1.2974   2.4819   11.96     -   9.05e-04  215.6s
  43   1.2919   2.4871   12.03     -   8.95e-04  225.3s
  44   1.2717   2.4953   12.13     -   8.84e-04  218.5s
  45   1.2621   2.4911   12.07   35.43   8.75e-04  228.7s
     ✓ checkpoint saved (BLEU=35.43)
     DE : eine gruppe von männern lädt baumwolle auf einen lastwagen
     REF: a group of men are loading cotton onto a truck
     HYP: a group of men are loading around a truck .
  46   1.2534   2.5018   12.20     -   8.65e-04  231.4s
  47   1.2458   2.5342   12.61     -   8.56e-04  231.3s
  48   1.2358   2.5368   12.64     -   8.47e-04  221.9s
  49   1.2258   2.5449   12.74     -   8.38e-04  230.0s
  50   1.2139   2.5496   12.80   34.72   8.30e-04  210.4s
     DE : eine gruppe von männern lädt baumwolle auf einen lastwagen
     REF: a group of men are loading cotton onto a truck
     HYP: a group of men are putting spinning makeup into a truck .
  51   1.2111   2.5468   12.77     -   8.21e-04  206.7s
  52   1.1994   2.5695   13.06     -   8.14e-04  243.4s
  53   1.1908   2.5711   13.08     -   8.06e-04  221.1s
  54   1.1825   2.5553   12.87     -   7.98e-04  210.2s
  55   1.1774   2.5847   13.26   33.96   7.91e-04  218.9s
     DE : eine gruppe von männern lädt baumwolle auf einen lastwagen
     REF: a group of men are loading cotton onto a truck
     HYP: a group of men are loading spinning makeup into a fire
  56   1.1707   2.5691   13.05     -   7.84e-04  202.6s
  57   1.1622   2.5923   13.36     -   7.77e-04  231.6s
  58   1.1510   2.5738   13.12     -   7.70e-04  233.5s
  59   1.1469   2.6033   13.51     -   7.64e-04  224.8s
  60   1.1415   2.6107   13.61   33.43   7.57e-04  220.4s
     DE : eine gruppe von männern lädt baumwolle auf einen lastwagen
     REF: a group of men are loading cotton onto a truck
     HYP: a group of men are sleeping in electronic device .
============================================================================
[완료] 최고 BLEU=35.43  목표 15.0: ✅ 달성!
[Export] test_code/output/int_model_transformer_q12.c
[Export] header (src=18726, tgt=10214)
[Export] input_data.h (1문장)

[Done]
   input_data.h                                            356 bytes
   int_model_transformer_q12.c                      59,748,102 bytes
   int_model_transformer_q12.h                           4,242 bytes
   transformer_best.pt                              68,383,143 bytes
   vocab_src.txt                                       308,911 bytes
   vocab_tgt.txt                                       131,060 bytes
