Warning: Design 'CPU_TOP' has '1' unresolved references. For more detailed information, use the "link" command. (UID-341)
Information: Performing leakage power optimization. (PWR-850)
CPU Load: 2%, Ram Free: 417 GB, Swap Free: 127 GB, Work Disk Free: 20752 GB, Tmp Disk Free: 1592 GB
Analyzing: "/technology/TSMC_28nm_HPC_RF/SRAM/tsn28hpcpd127spsram_20120200_180a/TSMCHOME/sram/Output/ts5n28hpcphvta512x54m4f_tt1v25c/ts5n28hpcphvta512x54m4f_tt1v25c.db"
Analyzing: "/technology/TSMC_28nm_HPC_RF/STD/tcbn28hpcplusbwp30p140_190a/TSMCHOME/digital/Front_End/timing_power_noise/NLDM/tcbn28hpcplusbwp30p140_180a/tcbn28hpcplusbwp30p140tt1v25c.db"
Library analysis succeeded.
Information: Running optimization using a maximum of 8 cores. (OPT-1500)
Information: Evaluating DesignWare library utilization. (UISN-27)

============================================================================
| DesignWare Building Block Library  |         Version         | Available |
============================================================================
| Basic DW Building Blocks           | V-2023.12-DWBB_202312.5 |     *     |
| Licensed DW Building Blocks        | V-2023.12-DWBB_202312.5 |     *     |
============================================================================

====================================================================================================
| Flow Information                                                                                 |
----------------------------------------------------------------------------------------------------
| Flow         | Design Compiler WLM                                                               |
| Command Line | compile_ultra -no_autoungroup                                                     |
====================================================================================================
| Design Information                                      | Value                                  |
====================================================================================================
| Number of Scenarios                                     | 0                                      |
| Leaf Cell Count                                         | 2500                                   |
| Number of User Hierarchies                              | 26                                     |
| Sequential Cell Count                                   | 1446                                   |
| Macro Count                                             | 0                                      |
| Number of Power Domains                                 | 0                                      |
| Number of Path Groups                                   | 2                                      |
| Number of VT Class                                      | 0                                      |
| Number of Clocks                                        | 1                                      |
| Number of Dont Touch Cells                              | 245                                    |
| Number of Dont Touch Nets                               | 0                                      |
| Number of Size Only Cells                               | 0                                      |
| Design with UPF Data                                    | false                                  |
----------------------------------------------------------------------------------------------------
| Variables                                               | Value                                  |
----------------------------------------------------------------------------------------------------
| set_fix_multiple_port_nets                              | -all -buffer_constants                 |
====================================================================================================
Information: Sequential output inversion is enabled.  SVF file must be used for formal verification. (OPT-1208)

Information: There are 381 potential problems in your design. Please run 'check_design' for more information. (LINT-99)

Information: Uniquified 4 instances of design 'D_FF_32_0'. (OPT-1056)
Information: Uniquified 2 instances of design 'COUNTER_64_0'. (OPT-1056)
Information: Uniquified 3 instances of design 'MUX2TO1_DWidth32'. (OPT-1056)
Information: Uniquified 3 instances of design 'MUX4TO1_DWidth32'. (OPT-1056)
Information: Uniquified 2 instances of design 'D_FF_64_0'. (OPT-1056)
  Simplifying Design 'CPU_TOP'
Information: The register 'SCORE/DECODER/COUNTER_INSTRET/cnt_done_o_reg' will be removed. (OPT-1207)
Information: The register 'SCORE/COUNTER_CYCLE/cnt_done_o_reg' will be removed. (OPT-1207)

  Loading target library 'ts5n28hpcphvta512x54m4f_tt1v25c'
Information: Building the design 'MCU' instantiated from design 'CPU_TOP' with
	the parameters "IMEM_START_W=32'h00000000,IMEM_DEPTH_W=32'h00080000,DMEM_START_W=32'h00080000,DMEM_DEPTH_W=32'h07f80000,IOMEM_START_W=32'h08000000,IOMEM_DEPTH_W=32'h00100000". (HDL-193)
Warning: Cannot find the design 'MCU' in the library 'WORK'. (LBR-1)
Warning: Unable to resolve reference 'MCU' in 'CPU_TOP'. (LINK-5)
Loaded alib file './alib-52/tcbn28hpcplusbwp30p140tt1v25c.db.alib'
Loaded alib file './alib-52/ts5n28hpcphvta512x54m4f_tt1v25c.db.alib' (placeholder)
CPU Load: 2%, Ram Free: 416 GB, Swap Free: 127 GB, Work Disk Free: 20752 GB, Tmp Disk Free: 1592 GB
Information: State dependent leakage is now switched from on to off.

  Beginning Pass 1 Mapping
  ------------------------
  Processing 'REGFILE_DWidth32_NumofReg32'
  Processing 'DECODER_DWidth32_OpWidth5_NumofReg32_CWidth12'
  Processing 'INSTR_CACHE_DWidth32'
Information: Added key list 'DesignWare' to design 'INSTR_CACHE_DWidth32'. (DDB-72)
  Processing 'COUNTER_64_0_1'
 Implement Synthetic for 'COUNTER_64_0_1'.
  Processing 'D_FF_32_0_0'
  Processing 'MUX4TO1_DWidth32_0'
  Processing 'ICACHE_SRAM_Depth512_DWidth54'
  Processing 'MUX2TO1_DWidth32_2'
  Processing 'ALU_DWidth32_OpWidth5'
 Implement Synthetic for 'ALU_DWidth32_OpWidth5'.
Information: Added key list 'DesignWare' to design 'ALU_DWidth32_OpWidth5'. (DDB-72)
  Processing 'CPU_TOP'
  Processing 'COUNTER_64_0_0'
 Implement Synthetic for 'COUNTER_64_0_0'.
  Processing 'D_FF_32_0_1'
  Processing 'MUX4TO1_DWidth32_1'
  Processing 'MUX3TO1_DWidth32'
  Processing 'D_FF_2_3'
  Processing 'SCALAR_CORE_DWidth32'
 Implement Synthetic for 'SCALAR_CORE_DWidth32'.
  Processing 'D_FF_64_0_0'
  Processing 'CSR_DWidth32_AWidth12'
  Processing 'COUNTER_30_0_511'
 Implement Synthetic for 'COUNTER_30_0_511'.
  Processing 'MUX5TO1_DWidth32'
  Processing 'MUX2TO1_DWidth32_1'
  Processing 'D_FF_2_0'
  Processing 'MUX2TO1_DWidth32_0'
Information: Building the design 'MCU' instantiated from design 'CPU_TOP' with
	the parameters "IMEM_START_W=32'h00000000,IMEM_DEPTH_W=32'h00080000,DMEM_START_W=32'h00080000,DMEM_DEPTH_W=32'h07f80000,IOMEM_START_W=32'h08000000,IOMEM_DEPTH_W=32'h00100000". (HDL-193)
Warning: Cannot find the design 'MCU' in the library 'WORK'. (LBR-1)
Warning: Unable to resolve reference 'MCU' in 'CPU_TOP'. (LINK-5)
Warning: Design 'CPU_TOP' has '1' unresolved references. For more detailed information, use the "link" command. (UID-341)
CPU Load: 2%, Ram Free: 416 GB, Swap Free: 127 GB, Work Disk Free: 20752 GB, Tmp Disk Free: 1592 GB

  Updating timing information
Information: Updating design information... (UID-85)
Information: The library cell 'TIELBWP30P140' in the library 'tcbn28hpcplusbwp30p140tt1v25c' is not characterized for internal power. (PWR-536)
Information: The library cell 'TIEHBWP30P140' in the library 'tcbn28hpcplusbwp30p140tt1v25c' is not characterized for internal power. (PWR-536)
Information: The target library(s) contains cell(s), other than black boxes, that are not characterized for internal power. (PWR-24)
Information: Removing unused design 'MUX2TO1_DWidth32_0'. (OPT-1055)
Information: The register 'SCORE/SRF/GPR_reg_0__0_' is a constant and will be removed. (OPT-1206)
Information: The register 'SCORE/SRF/GPR_reg_0__1_' is a constant and will be removed. (OPT-1206)
Information: The register 'SCORE/SRF/GPR_reg_0__2_' is a constant and will be removed. (OPT-1206)
Information: The register 'SCORE/SRF/GPR_reg_0__3_' is a constant and will be removed. (OPT-1206)
Information: The register 'SCORE/SRF/GPR_reg_0__4_' is a constant and will be removed. (OPT-1206)
Information: The register 'SCORE/SRF/GPR_reg_0__5_' is a constant and will be removed. (OPT-1206)
Information: The register 'SCORE/SRF/GPR_reg_0__6_' is a constant and will be removed. (OPT-1206)
Information: The register 'SCORE/SRF/GPR_reg_0__7_' is a constant and will be removed. (OPT-1206)
Information: The register 'SCORE/SRF/GPR_reg_0__8_' is a constant and will be removed. (OPT-1206)
Information: The register 'SCORE/SRF/GPR_reg_0__9_' is a constant and will be removed. (OPT-1206)
Information: The register 'SCORE/SRF/GPR_reg_0__10_' is a constant and will be removed. (OPT-1206)
Information: The register 'SCORE/SRF/GPR_reg_0__11_' is a constant and will be removed. (OPT-1206)
Information: The register 'SCORE/SRF/GPR_reg_0__12_' is a constant and will be removed. (OPT-1206)
Information: The register 'SCORE/SRF/GPR_reg_0__13_' is a constant and will be removed. (OPT-1206)
Information: The register 'SCORE/SRF/GPR_reg_0__14_' is a constant and will be removed. (OPT-1206)
Information: The register 'SCORE/SRF/GPR_reg_0__15_' is a constant and will be removed. (OPT-1206)
Information: The register 'SCORE/SRF/GPR_reg_0__16_' is a constant and will be removed. (OPT-1206)
Information: The register 'SCORE/SRF/GPR_reg_0__17_' is a constant and will be removed. (OPT-1206)
Information: The register 'SCORE/SRF/GPR_reg_0__18_' is a constant and will be removed. (OPT-1206)
Information: The register 'SCORE/SRF/GPR_reg_0__19_' is a constant and will be removed. (OPT-1206)
Information: The register 'SCORE/SRF/GPR_reg_0__20_' is a constant and will be removed. (OPT-1206)
Information: The register 'SCORE/SRF/GPR_reg_0__21_' is a constant and will be removed. (OPT-1206)
Information: The register 'SCORE/SRF/GPR_reg_0__22_' is a constant and will be removed. (OPT-1206)
Information: The register 'SCORE/SRF/GPR_reg_0__23_' is a constant and will be removed. (OPT-1206)
Information: The register 'SCORE/SRF/GPR_reg_0__24_' is a constant and will be removed. (OPT-1206)
Information: The register 'SCORE/SRF/GPR_reg_0__25_' is a constant and will be removed. (OPT-1206)
Information: The register 'SCORE/SRF/GPR_reg_0__26_' is a constant and will be removed. (OPT-1206)
Information: The register 'SCORE/SRF/GPR_reg_0__27_' is a constant and will be removed. (OPT-1206)
Information: The register 'SCORE/SRF/GPR_reg_0__28_' is a constant and will be removed. (OPT-1206)
Information: The register 'SCORE/SRF/GPR_reg_0__29_' is a constant and will be removed. (OPT-1206)
Information: The register 'SCORE/SRF/GPR_reg_0__30_' is a constant and will be removed. (OPT-1206)
Information: The register 'SCORE/SRF/GPR_reg_0__31_' is a constant and will be removed. (OPT-1206)

  Beginning Mapping Optimizations  (Ultra High effort)
  -------------------------------
Information: Added key list 'DesignWare' to design 'SCALAR_CORE_DWidth32'. (DDB-72)
Information: Added key list 'DesignWare' to design 'COUNTER_30_0_511'. (DDB-72)
Information: Added key list 'DesignWare' to design 'COUNTER_64_0_1'. (DDB-72)
Information: Added key list 'DesignWare' to design 'COUNTER_64_0_0'. (DDB-72)
  Mapping Optimization (Phase 1)

                                  TOTAL                                                
   ELAPSED            WORST NEG   SETUP    DESIGN                              LEAKAGE 
    TIME      AREA      SLACK     COST    RULE COST         ENDPOINT            POWER  
  --------- --------- --------- --------- --------- ------------------------- ---------
    0:00:23   19684.3      0.00       0.0      24.3                           69603.9141
    0:00:23   19657.3      0.00       0.0      24.3                           69393.3516

  Beginning Constant Register Removal
  -----------------------------------

  Beginning Global Optimizations
  ------------------------------
  Numerical Synthesis (Phase 1)
  Numerical Synthesis (Phase 2)
  Global Optimization (Phase 1)
  Global Optimization (Phase 2)
  Global Optimization (Phase 3)
  Global Optimization (Phase 4)
  Global Optimization (Phase 5)
  Global Optimization (Phase 6)
  Global Optimization (Phase 7)
  Global Optimization (Phase 8)
  Global Optimization (Phase 9)
  Global Optimization (Phase 10)
  Global Optimization (Phase 11)
  Global Optimization (Phase 12)
  Global Optimization (Phase 13)
  Global Optimization (Phase 14)
  Global Optimization (Phase 15)
  Global Optimization (Phase 16)
  Global Optimization (Phase 17)
  Global Optimization (Phase 18)
  Global Optimization (Phase 19)
  Global Optimization (Phase 20)
  Global Optimization (Phase 21)
  Global Optimization (Phase 22)
  Global Optimization (Phase 23)
  Global Optimization (Phase 24)
  Global Optimization (Phase 25)
  Global Optimization (Phase 26)
  Global Optimization (Phase 27)
  Global Optimization (Phase 28)
  Global Optimization (Phase 29)
  Global Optimization (Phase 30)
  Global Optimization (Phase 31)

  Beginning Isolate Ports
  -----------------------

  Beginning Delay Optimization
  ----------------------------
    0:00:26   18884.7      0.00       0.0      24.3                           58919.5000
    0:00:26   18884.7      0.00       0.0      24.3                           58919.5000
    0:00:26   18884.7      0.00       0.0      24.3                           58919.5000
    0:00:27   18884.7      0.00       0.0      24.3                           58919.5000
    0:00:27   18883.6      0.00       0.0      24.3                           58915.7500
    0:00:27   18883.6      0.00       0.0      24.3                           58915.7500

  Beginning WLM Backend Optimization
  --------------------------------------
    0:00:29   18920.5      0.00       0.0      24.3                           58788.6172
    0:00:29   18920.5      0.00       0.0      24.3                           58788.6172
    0:00:29   18920.5      0.00       0.0      24.3                           58788.6172
    0:00:29   18920.5      0.00       0.0      24.3                           58788.6172
    0:00:29   18920.5      0.00       0.0      24.3                           58788.6172
    0:00:30   18919.5      0.00       0.0      24.3                           58776.9258
    0:00:30   18919.5      0.00       0.0      24.3                           58776.9258
    0:00:30   18919.5      0.00       0.0      24.3                           58776.9258
    0:00:30   18919.5      0.00       0.0      24.3                           58776.9258
    0:00:30   18919.5      0.00       0.0      24.3                           58776.9258
    0:00:30   18919.5      0.00       0.0      24.3                           58776.9258
    0:00:30   18919.5      0.00       0.0      24.3                           58776.9258
    0:00:30   18919.5      0.00       0.0      24.3                           58776.9258
    0:00:30   18919.5      0.00       0.0      24.3                           58776.9258
    0:00:30   18919.5      0.00       0.0      24.3                           58776.9258
    0:00:30   18919.5      0.00       0.0      24.3                           58776.9258
    0:00:30   18919.5      0.00       0.0      24.3                           58776.9258
    0:00:30   18919.5      0.00       0.0      24.3                           58776.9258
    0:00:30   18919.5      0.00       0.0      24.3                           58776.9258
    0:00:30   18919.5      0.00       0.0      24.3                           58776.9258
    0:00:30   18919.5      0.00       0.0      24.3                           58776.9258
    0:00:30   18919.5      0.00       0.0      24.3                           58776.9258
    0:00:30   18919.5      0.00       0.0      24.3                           58776.9258
    0:00:30   18919.5      0.00       0.0      24.3                           58776.9258


  Beginning Design Rule Fixing  (min_capacitance)
  ----------------------------

                                  TOTAL                                                
   ELAPSED            WORST NEG   SETUP    DESIGN                              LEAKAGE 
    TIME      AREA      SLACK     COST    RULE COST         ENDPOINT            POWER  
  --------- --------- --------- --------- --------- ------------------------- ---------
    0:00:30   18919.5      0.00       0.0      24.3                           58776.9258
  Global Optimization (Phase 32)
  Global Optimization (Phase 33)
  Global Optimization (Phase 34)
    0:00:30   18919.5      0.00       0.0      24.3                           58776.9258
    0:00:30   18919.5      0.00       0.0      24.3                           58776.9258
    0:00:30   18919.5      0.00       0.0      24.3                           58776.9258
    0:00:30   18919.5      0.00       0.0      24.3                           58776.9258
    0:00:30   18919.5      0.00       0.0      24.3                           58776.9258
    0:00:31   18919.5      0.00       0.0      24.3                           58765.4805
    0:00:31   18919.5      0.00       0.0      24.3                           58765.4805
    0:00:31   18919.5      0.00       0.0      24.3                           58765.4805
    0:00:31   18919.5      0.00       0.0      24.3                           58765.4805
    0:00:31   18919.5      0.00       0.0      24.3                           58765.4805
    0:00:31   18919.5      0.00       0.0      24.3                           58765.4805
    0:00:31   18919.5      0.00       0.0      24.3                           58765.4805
    0:00:31   18919.5      0.00       0.0      24.3                           58765.4805
    0:00:31   18919.5      0.00       0.0      24.3                           58765.4805
    0:00:31   18919.5      0.00       0.0      24.3                           58765.4805
    0:00:31   18919.5      0.00       0.0      24.3                           58765.4805
    0:00:31   18919.5      0.00       0.0      24.3                           58765.4805
    0:00:31   18919.5      0.00       0.0      24.3                           58765.4805
    0:00:31   18919.5      0.00       0.0      24.3                           58765.4805
    0:00:31   18919.5      0.00       0.0      24.3                           58765.4805
    0:00:31   18919.5      0.00       0.0      24.3                           58765.4805
    0:00:31   18919.5      0.00       0.0      24.3                           58765.4805
    0:00:31   18919.5      0.00       0.0      24.3                           58765.4805
    0:00:31   18919.5      0.00       0.0      24.3                           58765.4805

                                  TOTAL                                                
   ELAPSED            WORST NEG   SETUP    DESIGN                              LEAKAGE 
    TIME      AREA      SLACK     COST    RULE COST         ENDPOINT            POWER  
  --------- --------- --------- --------- --------- ------------------------- ---------
    0:00:31   18864.1      0.00       0.0      24.3                           58748.3711
    0:00:32   18864.1      0.00       0.0      24.3                           58429.6367
    0:00:32   18864.1      0.00       0.0      24.3                           58429.6367
    0:00:32   18864.1      0.00       0.0      24.3                           58429.6367
    0:00:32   18864.1      0.00       0.0      24.3                           58429.6367
    0:00:32   18863.7      0.00       0.0      24.3                           58412.3750
    0:00:32   18863.7      0.00       0.0      24.3                           58412.3750
    0:00:32   18863.7      0.00       0.0      24.3                           58412.3750
    0:00:32   18863.7      0.00       0.0      24.3                           58412.3750
    0:00:32   18863.7      0.00       0.0      24.3                           58412.3750
    0:00:32   18863.7      0.00       0.0      24.3                           58412.3750
CPU Load: 2%, Ram Free: 417 GB, Swap Free: 127 GB, Work Disk Free: 20753 GB, Tmp Disk Free: 1592 GB
Loading db file '/technology/TSMC_28nm_HPC_RF/STD/tcbn28hpcplusbwp30p140_190a/TSMCHOME/digital/Front_End/timing_power_noise/NLDM/tcbn28hpcplusbwp30p140_180a/tcbn28hpcplusbwp30p140tt1v25c.db'
Loading db file '/technology/TSMC_28nm_HPC_RF/SRAM/tsn28hpcpd127spsram_20120200_180a/TSMCHOME/sram/Output/ts5n28hpcphvta512x54m4f_tt1v25c/ts5n28hpcphvta512x54m4f_tt1v25c.db'


Note: Symbol # after min delay cost means estimated hold TNS across all active scenarios 


  Optimization Complete
  ---------------------
Warning: Design 'CPU_TOP' contains 1 high-fanout nets. A fanout number of 1000 will be used for delay calculations involving these nets. (TIM-134)
     Net 'SCORE/CSR/FF_MINSTRET/clk_i': 1412 load(s), 1 driver(s), 1 inout(s)
  Loading target library 'ts5n28hpcphvta512x54m4f_tt1v25c'
Information: Building the design 'MCU' instantiated from design 'CPU_TOP' with
	the parameters "IMEM_START_W=32'h00000000,IMEM_DEPTH_W=32'h00080000,DMEM_START_W=32'h00080000,DMEM_DEPTH_W=32'h07f80000,IOMEM_START_W=32'h08000000,IOMEM_DEPTH_W=32'h00100000". (HDL-193)
Warning: Cannot find the design 'MCU' in the library 'WORK'. (LBR-1)
Warning: Unable to resolve reference 'MCU' in 'CPU_TOP'. (LINK-5)
Information: State dependent leakage is now switched from off to on.
Information: Propagating switching activity (low effort zero delay simulation). (PWR-6)
Warning: Design has unannotated black box outputs. (PWR-428)
CPU Load: 2%, Ram Free: 416 GB, Swap Free: 127 GB, Work Disk Free: 20753 GB, Tmp Disk Free: 1592 GB
Information: Total number of MV cells in the design.
----------------------------------------------------------------------------------------------------
 MV Cells                                           Total Number                                   
----------------------------------------------------------------------------------------------------
 Level Shifter:                                     0                                             
 Enable Level Shifter:                              0                                             
 Isolation Cell:                                    0                                             
 Retention Cell:                                    0                                             
 Retention Clamp Cell:                              0                                             
 Switch Cell:                                       0                                             
 Always-On Cell:                                    0                                             
 Repeater Cell:                                     0                                             

----------------------------------------------------------------------------------------------------
Unmapped MV Cells 
----------------------------------------------------------------------------------------------------
0 Isolation Cells are unmapped 
0 Retention Clamp Cells are unmapped 
----------------------------------------------------------------------------------------------------
1
