Warning: Design 'CPU_TOP' has '1' unresolved references. For more detailed information, use the "link" command. (UID-341)
 
****************************************
Report : area
Design : CPU_TOP
Version: V-2023.12-SP5-1
Date   : Sun May 10 17:22:41 2026
****************************************

Library(s) Used:

    tcbn28hpcplusbwp30p140tt1v25c (File: /technology/TSMC_28nm_HPC_RF/STD/tcbn28hpcplusbwp30p140_190a/TSMCHOME/digital/Front_End/timing_power_noise/NLDM/tcbn28hpcplusbwp30p140_180a/tcbn28hpcplusbwp30p140tt1v25c.db)
    ts5n28hpcphvta512x54m4f_tt1v25c (File: /technology/TSMC_28nm_HPC_RF/SRAM/tsn28hpcpd127spsram_20120200_180a/TSMCHOME/sram/Output/ts5n28hpcphvta512x54m4f_tt1v25c/ts5n28hpcphvta512x54m4f_tt1v25c.db)

Number of ports:                         3035
Number of nets:                         12106
Number of cells:                         8938
Number of combinational cells:           7500
Number of sequential cells:              1412
Number of macros/black boxes:               1
Number of buf/inv:                        531
Number of references:                       3

Combinational area:               4965.659954
Buf/Inv area:                      133.812002
Noncombinational area:            2726.891964
Macro/Black Box area:            11170.114258
Net Interconnect area:      undefined  (Wire load has zero net area)

Total cell area:                 18862.666176
Total area:                 undefined

Information: This design contains black box (unknown) components. (RPT-8)

The above information was reported from the logical library. The following are from the physical library:

Hierarchical area distribution
------------------------------

                                  Global cell area             Local cell area
                                  -------------------  -------------------------------- 
Hierarchical cell                 Absolute    Percent  Combi-     Noncombi-  Black-
                                  Total       Total    national   national   boxes       Design
--------------------------------  ----------  -------  ---------  ---------  ----------  ---------------------------------------------
CPU_TOP                           18862.6662    100.0     0.0000     0.0000      0.0000  CPU_TOP
ICACHE                            11483.7283     60.9   110.5020     0.0000      0.0000  INSTR_CACHE_DWidth32
ICACHE/COUNTER_ICACHE               112.6440      0.6    42.3360    70.3080      0.0000  COUNTER_30_0_511
ICACHE/FF_CACHE_STATE                 4.7880      0.0     1.0080     3.7800      0.0000  D_FF_2_3
ICACHE/FF_INSTR                      85.6800      0.5    25.2000    60.4800      0.0000  D_FF_32_0_3
ICACHE/ICACHE_SRAM                11170.1143     59.2     0.0000     0.0000  11170.1143  ICACHE_SRAM_Depth512_DWidth54
SCORE                              7378.9379     39.1   106.8480     0.0000      0.0000  SCALAR_CORE_DWidth32
SCORE/ALU                          2303.2800     12.2  2303.2800     0.0000      0.0000  ALU_DWidth32_OpWidth5
SCORE/COUNTER_CYCLE                 212.8140      1.1    67.6620   145.1520      0.0000  COUNTER_64_0_1
SCORE/CSR                           456.3720      2.4    73.3320     0.0000      0.0000  CSR_DWidth32_AWidth12
SCORE/CSR/FF_MCYCLE                 153.2160      0.8    32.2560   120.9600      0.0000  D_FF_64_0_1
SCORE/CSR/FF_MINSTRET               153.2160      0.8    32.2560   120.9600      0.0000  D_FF_64_0_0
SCORE/CSR/FF_RDATA                   76.6080      0.4    16.1280    60.4800      0.0000  D_FF_32_0_0
SCORE/DECODER                       323.8200      1.7    83.2860     0.0000      0.0000  DECODER_DWidth32_OpWidth5_NumofReg32_CWidth12
SCORE/DECODER/COUNTER_INSTRET       235.7460      1.2    90.5940   145.1520      0.0000  COUNTER_64_0_0
SCORE/DECODER/FF_DEC_STATE            4.7880      0.0     1.0080     3.7800      0.0000  D_FF_2_0
SCORE/FF_IADDR                       85.6800      0.5    25.2000    60.4800      0.0000  D_FF_32_0_1
SCORE/FF_PC                          85.6800      0.5    25.2000    60.4800      0.0000  D_FF_32_0_2
SCORE/MUX_ALU_A                      54.1800      0.3    54.1800     0.0000      0.0000  MUX4TO1_DWidth32_2
SCORE/MUX_ALU_B                      54.3060      0.3    54.3060     0.0000      0.0000  MUX4TO1_DWidth32_1
SCORE/MUX_BR                         28.2240      0.1    28.2240     0.0000      0.0000  MUX2TO1_DWidth32_1
SCORE/MUX_LD                         23.8140      0.1    23.8140     0.0000      0.0000  MUX5TO1_DWidth32
SCORE/MUX_PC                         27.4680      0.1    27.4680     0.0000      0.0000  MUX2TO1_DWidth32_2
SCORE/MUX_ST                         22.5540      0.1    22.5540     0.0000      0.0000  MUX3TO1_DWidth32
SCORE/MUX_WB                         53.6760      0.3    53.6760     0.0000      0.0000  MUX4TO1_DWidth32_0
SCORE/SRF                          3540.2220     18.8  1665.3420  1874.8800      0.0000  REGFILE_DWidth32_NumofReg32
--------------------------------  ----------  -------  ---------  ---------  ----------  ---------------------------------------------
Total                                                  4965.6600  2726.8920  11170.1143

1
