Information: Propagating switching activity (low effort zero delay simulation). (PWR-6)
Warning: Design has unannotated primary inputs. (PWR-414)
Warning: Design has unannotated sequential cell outputs. (PWR-415)
Warning: Design has unannotated black box outputs. (PWR-428)
 
****************************************
Report : power
        -analysis_effort low
Design : CPU_TOP
Version: V-2023.12-SP5-1
Date   : Sun May 10 17:22:41 2026
****************************************


Library(s) Used:

    tcbn28hpcplusbwp30p140tt1v25c (File: /technology/TSMC_28nm_HPC_RF/STD/tcbn28hpcplusbwp30p140_190a/TSMCHOME/digital/Front_End/timing_power_noise/NLDM/tcbn28hpcplusbwp30p140_180a/tcbn28hpcplusbwp30p140tt1v25c.db)
    ts5n28hpcphvta512x54m4f_tt1v25c (File: /technology/TSMC_28nm_HPC_RF/SRAM/tsn28hpcpd127spsram_20120200_180a/TSMCHOME/sram/Output/ts5n28hpcphvta512x54m4f_tt1v25c/ts5n28hpcphvta512x54m4f_tt1v25c.db)


Operating Conditions: tt1v25c   Library: tcbn28hpcplusbwp30p140tt1v25c
Wire Load Model Mode: segmented

Design        Wire Load Model            Library
------------------------------------------------
CPU_TOP                ZeroWireload      tcbn28hpcplusbwp30p140tt1v25c
INSTR_CACHE_DWidth32   ZeroWireload      tcbn28hpcplusbwp30p140tt1v25c
SCALAR_CORE_DWidth32   ZeroWireload      tcbn28hpcplusbwp30p140tt1v25c
D_FF_32_0_3            ZeroWireload      tcbn28hpcplusbwp30p140tt1v25c
COUNTER_30_0_511       ZeroWireload      tcbn28hpcplusbwp30p140tt1v25c
D_FF_2_3               ZeroWireload      tcbn28hpcplusbwp30p140tt1v25c
ICACHE_SRAM_Depth512_DWidth54 ZeroWireload tcbn28hpcplusbwp30p140tt1v25c
COUNTER_64_0_1         ZeroWireload      tcbn28hpcplusbwp30p140tt1v25c
MUX2TO1_DWidth32_2     ZeroWireload      tcbn28hpcplusbwp30p140tt1v25c
DECODER_DWidth32_OpWidth5_NumofReg32_CWidth12 ZeroWireload tcbn28hpcplusbwp30p140tt1v25c
REGFILE_DWidth32_NumofReg32 ZeroWireload tcbn28hpcplusbwp30p140tt1v25c
CSR_DWidth32_AWidth12  ZeroWireload      tcbn28hpcplusbwp30p140tt1v25c
MUX4TO1_DWidth32_2     ZeroWireload      tcbn28hpcplusbwp30p140tt1v25c
ALU_DWidth32_OpWidth5  ZeroWireload      tcbn28hpcplusbwp30p140tt1v25c
MUX2TO1_DWidth32_1     ZeroWireload      tcbn28hpcplusbwp30p140tt1v25c
MUX5TO1_DWidth32       ZeroWireload      tcbn28hpcplusbwp30p140tt1v25c
MUX3TO1_DWidth32       ZeroWireload      tcbn28hpcplusbwp30p140tt1v25c
MUX4TO1_DWidth32_0     ZeroWireload      tcbn28hpcplusbwp30p140tt1v25c
D_FF_2_0               ZeroWireload      tcbn28hpcplusbwp30p140tt1v25c
COUNTER_64_0_0         ZeroWireload      tcbn28hpcplusbwp30p140tt1v25c
D_FF_32_0_0            ZeroWireload      tcbn28hpcplusbwp30p140tt1v25c
D_FF_64_0_1            ZeroWireload      tcbn28hpcplusbwp30p140tt1v25c
D_FF_32_0_1            ZeroWireload      tcbn28hpcplusbwp30p140tt1v25c
D_FF_32_0_2            ZeroWireload      tcbn28hpcplusbwp30p140tt1v25c
MUX4TO1_DWidth32_1     ZeroWireload      tcbn28hpcplusbwp30p140tt1v25c
D_FF_64_0_0            ZeroWireload      tcbn28hpcplusbwp30p140tt1v25c


Global Operating Voltage = 1    
Power-specific unit information :
    Voltage Units = 1V
    Capacitance Units = 1.000000pf
    Time Units = 1ns
    Dynamic Power Units = 1mW    (derived from V,C,T units)
    Leakage Power Units = 1nW


Attributes
----------
i - Including register clock pin internal power


  Cell Internal Power  =   1.1132 mW    (2%)
  Net Switching Power  =  50.0085 mW   (98%)
                         ---------
Total Dynamic Power    =  51.1217 mW  (100%)

Cell Leakage Power     =  53.5440 uW


                 Internal         Switching           Leakage            Total
Power Group      Power            Power               Power              Power   (   %    )  Attrs
--------------------------------------------------------------------------------------------------
io_pad             0.0000            0.0000            0.0000            0.0000  (   0.00%)
memory             0.4284        1.9503e-04        1.3372e+04            0.4419  (   0.86%)
black_box          0.0000            0.0000            0.0000            0.0000  (   0.00%)
clock_network      0.6807           50.0077        2.2405e+04           50.7099  (  99.09%)  i
register       3.2163e-03        4.0170e-04        1.6442e+04        2.0060e-02  (   0.04%)
sequential         0.0000            0.0000            0.0000            0.0000  (   0.00%)
combinational  9.8594e-04        4.5279e-04        1.3244e+03        2.7632e-03  (   0.01%)
--------------------------------------------------------------------------------------------------
Total              1.1132 mW        50.0088 mW     5.3544e+04 nW        51.1747 mW
1
