Command: vcs -fgp -full64 -sverilog /home/AS501_G3/4_transformer_w_small_weight/sim/tb/lstm_tb.sv \
/home/AS501_G3/4_transformer_w_small_weight/sim/../rtl/common/core_package.sv /home/AS501_G3/4_transformer_w_small_weight/sim/../rtl/common/d_flip_flop.sv \
/home/AS501_G3/4_transformer_w_small_weight/sim/../rtl/common/mux2to1.sv /home/AS501_G3/4_transformer_w_small_weight/sim/../rtl/common/mux3to1.sv \
/home/AS501_G3/4_transformer_w_small_weight/sim/../rtl/common/mux4to1.sv /home/AS501_G3/4_transformer_w_small_weight/sim/../rtl/common/mux5to1.sv \
/home/AS501_G3/4_transformer_w_small_weight/sim/../rtl/common/counter.sv /home/AS501_G3/4_transformer_w_small_weight/sim/../rtl/memory/I_memory.sv \
/home/AS501_G3/4_transformer_w_small_weight/sim/../rtl/memory/D_memory.sv /home/AS501_G3/4_transformer_w_small_weight/sim/../rtl/memory/IO_memory.sv \
/technology/TSMC_28nm_HPC_RF/SRAM/tsn28hpcpd127spsram_20120200_180a/TSMCHOME/sram/Output/ts5n28hpcphvta512x54m4f_tt1v25c/ts5n28hpcphvta512x54m4f_tt1v25c.v \
/home/AS501_G3/4_transformer_w_small_weight/sim/../rtl/cache/submodule/cache_sram.sv \
/home/AS501_G3/4_transformer_w_small_weight/sim/../rtl/cache/instr_cache.sv /home/AS501_G3/4_transformer_w_small_weight/sim/../rtl/cache/data_cache.sv \
/home/AS501_G3/4_transformer_w_small_weight/sim/../rtl/scalar_core/alu.sv /home/AS501_G3/4_transformer_w_small_weight/sim/../rtl/scalar_core/csr.sv \
/home/AS501_G3/4_transformer_w_small_weight/sim/../rtl/scalar_core/decoder.sv /home/AS501_G3/4_transformer_w_small_weight/sim/../rtl/scalar_core/regfile.sv \
/home/AS501_G3/4_transformer_w_small_weight/sim/../rtl/scalar_core/mcu.sv /home/AS501_G3/4_transformer_w_small_weight/sim/../rtl/scalar_core/scalar_core.sv \
/home/AS501_G3/4_transformer_w_small_weight/sim/../rtl/cpu_top.sv /home/AS501_G3/4_transformer_w_small_weight/sim/../rtl/accel/gemv_accel.sv \
/home/AS501_G3/4_transformer_w_small_weight/sim/../rtl/memory/scratchpad.sv /home/AS501_G3/4_transformer_w_small_weight/sim/../rtl/dma/dma_controller.sv \
-timescale=1ns/1ps +incdir+/tools/Synopsys/dc/V-2023.12-SP5-1/dw/sim_ver +define+SIM \
-debug_access+all -kdb -pcmakeprof -l vcs.log
                         Chronologic VCS (TM)
        Version V-2023.12-1_Full64 -- Sun May 10 18:34:57 2026

                    Copyright (c) 1991 - 2024 Synopsys, Inc.
   This software and the associated documentation are proprietary to Synopsys,
 Inc. This software may only be used in accordance with the terms and conditions
 of a written license agreement with Synopsys, Inc. All other use, reproduction,
   or distribution of this software is strictly prohibited.  Licensed Products
     communicate with Synopsys servers for the purpose of providing software
    updates, detecting software piracy and verifying that customers are using
    Licensed Products in conformity with the applicable License Key for such
  Licensed Products. Synopsys will use information gathered in connection with
    this process to deliver software updates and pursue software pirates and
                                   infringers.

 Inclusivity & Diversity - Visit SolvNetPlus to read the "Synopsys Statement on
            Inclusivity and Diversity" (Refer to article 000036315 at
                        https://solvnetplus.synopsys.com)

Parsing design file '/home/AS501_G3/4_transformer_w_small_weight/sim/tb/lstm_tb.sv'
Parsing design file '/home/AS501_G3/4_transformer_w_small_weight/sim/../rtl/common/core_package.sv'
Parsing design file '/home/AS501_G3/4_transformer_w_small_weight/sim/../rtl/common/d_flip_flop.sv'
Parsing design file '/home/AS501_G3/4_transformer_w_small_weight/sim/../rtl/common/mux2to1.sv'
Parsing design file '/home/AS501_G3/4_transformer_w_small_weight/sim/../rtl/common/mux3to1.sv'
Parsing design file '/home/AS501_G3/4_transformer_w_small_weight/sim/../rtl/common/mux4to1.sv'
Parsing design file '/home/AS501_G3/4_transformer_w_small_weight/sim/../rtl/common/mux5to1.sv'
Parsing design file '/home/AS501_G3/4_transformer_w_small_weight/sim/../rtl/common/counter.sv'
Parsing design file '/home/AS501_G3/4_transformer_w_small_weight/sim/../rtl/memory/I_memory.sv'
Parsing design file '/home/AS501_G3/4_transformer_w_small_weight/sim/../rtl/memory/D_memory.sv'
Parsing design file '/home/AS501_G3/4_transformer_w_small_weight/sim/../rtl/memory/IO_memory.sv'
Parsing design file '/technology/TSMC_28nm_HPC_RF/SRAM/tsn28hpcpd127spsram_20120200_180a/TSMCHOME/sram/Output/ts5n28hpcphvta512x54m4f_tt1v25c/ts5n28hpcphvta512x54m4f_tt1v25c.v'
Parsing design file '/home/AS501_G3/4_transformer_w_small_weight/sim/../rtl/cache/submodule/cache_sram.sv'
Parsing design file '/home/AS501_G3/4_transformer_w_small_weight/sim/../rtl/cache/instr_cache.sv'
Parsing design file '/home/AS501_G3/4_transformer_w_small_weight/sim/../rtl/cache/data_cache.sv'
Parsing design file '/home/AS501_G3/4_transformer_w_small_weight/sim/../rtl/scalar_core/alu.sv'
Parsing included file '/tools/Synopsys/dc/V-2023.12-SP5-1/dw/sim_ver/DW_dp_mult_comb_function.inc'.
Back to file '/home/AS501_G3/4_transformer_w_small_weight/sim/../rtl/scalar_core/alu.sv'.
Parsing design file '/home/AS501_G3/4_transformer_w_small_weight/sim/../rtl/scalar_core/csr.sv'
Parsing design file '/home/AS501_G3/4_transformer_w_small_weight/sim/../rtl/scalar_core/decoder.sv'
Parsing design file '/home/AS501_G3/4_transformer_w_small_weight/sim/../rtl/scalar_core/regfile.sv'
Parsing design file '/home/AS501_G3/4_transformer_w_small_weight/sim/../rtl/scalar_core/mcu.sv'
Parsing design file '/home/AS501_G3/4_transformer_w_small_weight/sim/../rtl/scalar_core/scalar_core.sv'
Parsing design file '/home/AS501_G3/4_transformer_w_small_weight/sim/../rtl/cpu_top.sv'
Parsing design file '/home/AS501_G3/4_transformer_w_small_weight/sim/../rtl/accel/gemv_accel.sv'
Parsing design file '/home/AS501_G3/4_transformer_w_small_weight/sim/../rtl/memory/scratchpad.sv'
Parsing design file '/home/AS501_G3/4_transformer_w_small_weight/sim/../rtl/dma/dma_controller.sv'
MAKEPROF@parsing, Real: 1.00, User: 0.04, Sys: 0.02
Top Level Modules:
       CORE_TB
TimeScale is 1 ns / 1 ps

Warning-[IWNF] Implicit wire has no fanin
/home/AS501_G3/4_transformer_w_small_weight/sim/../rtl/memory/D_memory.sv, 68
  Implicit wire 'addr_delayed' does not have any driver, please make sure this
  is intended.


Warning-[IWNF] Implicit wire has no fanin
/home/AS501_G3/4_transformer_w_small_weight/sim/../rtl/memory/IO_memory.sv, 65
  Implicit wire 'web_delayed' does not have any driver, please make sure this 
  is intended.

Starting vcs inline pass...

14 modules and 0 UDP read.
recompiling module CORE_TB
recompiling package pkg_bool
recompiling package pkg_rw
recompiling package pkg_opfunct3
recompiling module MUX4TO1
recompiling module I_MEMORY
recompiling module D_MEMORY
recompiling module IO_MEMORY
recompiling module TS5N28HPCPHVTA512X54M4F
recompiling module DATA_CACHE
recompiling module MCU
recompiling module SCALAR_CORE
recompiling module gemv_accel
recompiling module dma_controller
All of 14 modules done
=>MAKEPROF@link
rm -f _cuarc*.so _csrc*.so pre_vcsobj_*.so share_vcsobj_*.so
if [ -x ../simv ]; then chmod a-x ../simv; fi
g++  -o ../simv      -rdynamic  -Wl,-rpath='$ORIGIN'/simv.daidir -Wl,-rpath=./simv.daidir \
-Wl,-rpath=/tools/Synopsys/vcs/V-2023.12-1/linux64/lib -L/tools/Synopsys/vcs/V-2023.12-1/linux64/lib \
-Wl,-rpath-link=./  /usr/lib64/libnuma.so.1   objs/amcQw_d.o   _232171_archive_1.so \
SIM_l.o      rmapats_mop.o rmapats.o rmar.o rmar_nd.o  rmar_llvm_0_1.o rmar_llvm_0_0.o \
-lvirsim -lerrorinf -lsnpsmalloc -lvfs    -lvcsnew -lsimprofile -luclinative /tools/Synopsys/vcs/V-2023.12-1/linux64/lib/vcs_tls.o \
-Wl,-whole-archive  -lvcsucli    -Wl,-no-whole-archive        _vcs_pli_stub_.o   \
/tools/Synopsys/vcs/V-2023.12-1/linux64/lib/vcs_save_restore_new.o /tools/Synopsys/verdi/V-2023.12-1/share/PLI/VCS/LINUX64/pli.a \
-ldl  -lc -lm -lpthread -ldl 
../simv up to date
<=MAKEPROF@link, Real: 0.23, User: 0.11, Sys: 0.07, CPU: 
CPU time: .877 seconds to compile + .292 seconds to elab + .295 seconds to link
+------------------------------------------+-----------+-----------+-----------+----------+----------+----------+----------+----------+
|                 Activity                 |  Real(s)  |  User(s)  |   Sys(s)  | Virt(MB) |  Res(MB) |  Shr(MB) | Priv(MB) |   nFLT   |
+------------------------------------------+-----------+-----------+-----------+----------+----------+----------+----------+----------+
| Parsing                                  |      1.00 |      0.04 |      0.02 |    444.8 |     99.5 |      2.5 |     97.0 |        0 |
+------------------------------------------+-----------+-----------+-----------+----------+----------+----------+----------+----------+
| _Elabcom                                 |      0.09 |      0.02 |      0.03 |    342.0 |      0.0 |      0.0 |      0.0 |        0 |
+------------------------------------------+-----------+-----------+-----------+----------+----------+----------+----------+----------+
| Compiling                                |      0.23 |      0.54 |      0.17 |    444.8 |     99.5 |      2.5 |     97.0 |        0 |
+------------------------------------------+-----------+-----------+-----------+----------+----------+----------+----------+----------+
| Elaboration                              |      0.24 |      0.17 |      0.03 |    235.0 |     80.0 |      2.5 |     77.5 |        0 |
+------------------------------------------+-----------+-----------+-----------+----------+----------+----------+----------+----------+
| Total_time                               |      2.00 |      1.14 |      0.81 |        / |        / |        / |        / |        / |
+------------------------------------------+-----------+-----------+-----------+----------+----------+----------+----------+----------+
Real(Real Time) User(User Time) Sys(System Time) Virt(Virtual Memory) Res(Resident Set) Shr(Shared Memory) Priv(Private Memory) nFLT(Major Page Faults)
Verdi KDB elaboration done and the database successfully generated: 0 error(s), 0 warning(s)
